[2025-01-14T05:36:49.077+0000] {taskinstance.py:1171} INFO - Dependencies all met for <TaskInstance: ETL_influencer_marchendise.data_extract manual__2025-01-14T05:36:48.166663+00:00 [queued]>
[2025-01-14T05:36:49.083+0000] {taskinstance.py:1171} INFO - Dependencies all met for <TaskInstance: ETL_influencer_marchendise.data_extract manual__2025-01-14T05:36:48.166663+00:00 [queued]>
[2025-01-14T05:36:49.084+0000] {taskinstance.py:1368} INFO - 
--------------------------------------------------------------------------------
[2025-01-14T05:36:49.084+0000] {taskinstance.py:1369} INFO - Starting attempt 1 of 2
[2025-01-14T05:36:49.084+0000] {taskinstance.py:1370} INFO - 
--------------------------------------------------------------------------------
[2025-01-14T05:36:49.091+0000] {taskinstance.py:1389} INFO - Executing <Task(BashOperator): data_extract> on 2025-01-14 05:36:48.166663+00:00
[2025-01-14T05:36:49.094+0000] {standard_task_runner.py:52} INFO - Started process 479 to run task
[2025-01-14T05:36:49.095+0000] {standard_task_runner.py:79} INFO - Running: ['***', 'tasks', 'run', 'ETL_influencer_marchendise', 'data_extract', 'manual__2025-01-14T05:36:48.166663+00:00', '--job-id', '3', '--raw', '--subdir', 'DAGS_FOLDER/AirflowM3.py', '--cfg-path', '/tmp/tmpu7v0zmpq', '--error-file', '/tmp/tmpwiekadmx']
[2025-01-14T05:36:49.096+0000] {standard_task_runner.py:80} INFO - Job 3: Subtask data_extract
[2025-01-14T05:36:49.130+0000] {task_command.py:371} INFO - Running <TaskInstance: ETL_influencer_marchendise.data_extract manual__2025-01-14T05:36:48.166663+00:00 [running]> on host e262d4edf520
[2025-01-14T05:36:49.166+0000] {taskinstance.py:1583} INFO - Exporting the following env vars:
AIRFLOW_CTX_DAG_OWNER=afif
AIRFLOW_CTX_DAG_ID=ETL_influencer_marchendise
AIRFLOW_CTX_TASK_ID=data_extract
AIRFLOW_CTX_EXECUTION_DATE=2025-01-14T05:36:48.166663+00:00
AIRFLOW_CTX_TRY_NUMBER=1
AIRFLOW_CTX_DAG_RUN_ID=manual__2025-01-14T05:36:48.166663+00:00
[2025-01-14T05:36:49.167+0000] {subprocess.py:62} INFO - Tmp dir root location: 
 /tmp
[2025-01-14T05:36:49.167+0000] {subprocess.py:74} INFO - Running command: ['/bin/bash', '-c', 'sudo -u *** python /opt/***/dags/extract.py']
[2025-01-14T05:36:49.172+0000] {subprocess.py:85} INFO - Output:
[2025-01-14T05:36:49.939+0000] {subprocess.py:92} INFO - WARNING: An illegal reflective access operation has occurred
[2025-01-14T05:36:49.940+0000] {subprocess.py:92} INFO - WARNING: Illegal reflective access by org.apache.spark.unsafe.Platform (file:/home/***/.local/lib/python3.7/site-packages/pyspark/jars/spark-unsafe_2.12-3.1.2.jar) to constructor java.nio.DirectByteBuffer(long,int)
[2025-01-14T05:36:49.940+0000] {subprocess.py:92} INFO - WARNING: Please consider reporting this to the maintainers of org.apache.spark.unsafe.Platform
[2025-01-14T05:36:49.940+0000] {subprocess.py:92} INFO - WARNING: Use --illegal-access=warn to enable warnings of further illegal reflective access operations
[2025-01-14T05:36:49.940+0000] {subprocess.py:92} INFO - WARNING: All illegal access operations will be denied in a future release
[2025-01-14T05:36:50.122+0000] {subprocess.py:92} INFO - 25/01/14 05:36:50 WARN NativeCodeLoader: Unable to load native-hadoop library for your platform... using builtin-java classes where applicable
[2025-01-14T05:36:50.199+0000] {subprocess.py:92} INFO - Using Spark's default log4j profile: org/apache/spark/log4j-defaults.properties
[2025-01-14T05:36:50.199+0000] {subprocess.py:92} INFO - Setting default log level to "WARN".
[2025-01-14T05:36:50.200+0000] {subprocess.py:92} INFO - To adjust logging level use sc.setLogLevel(newLevel). For SparkR, use setLogLevel(newLevel).
[2025-01-14T05:36:54.058+0000] {subprocess.py:96} INFO - Command exited with return code 0
[2025-01-14T05:36:54.098+0000] {taskinstance.py:1412} INFO - Marking task as SUCCESS. dag_id=ETL_influencer_marchendise, task_id=data_extract, execution_date=20250114T053648, start_date=20250114T053649, end_date=20250114T053654
[2025-01-14T05:36:54.125+0000] {local_task_job.py:156} INFO - Task exited with return code 0
[2025-01-14T05:36:54.141+0000] {local_task_job.py:279} INFO - 1 downstream tasks scheduled from follow-on schedule check
