[2025-01-14T04:59:55.614+0000] {processor.py:153} INFO - Started process (PID=681) to work on /opt/airflow/dags/transform.py
[2025-01-14T04:59:55.616+0000] {processor.py:640} INFO - Processing file /opt/airflow/dags/transform.py for tasks to queue
[2025-01-14T04:59:55.617+0000] {logging_mixin.py:115} INFO - [2025-01-14T04:59:55.617+0000] {dagbag.py:508} INFO - Filling up the DagBag from /opt/airflow/dags/transform.py
[2025-01-14T04:59:55.656+0000] {processor.py:652} WARNING - No viable dags retrieved from /opt/airflow/dags/transform.py
[2025-01-14T04:59:55.668+0000] {processor.py:161} INFO - Processing /opt/airflow/dags/transform.py took 0.060 seconds
[2025-01-14T05:00:25.937+0000] {processor.py:153} INFO - Started process (PID=701) to work on /opt/airflow/dags/transform.py
[2025-01-14T05:00:25.939+0000] {processor.py:640} INFO - Processing file /opt/airflow/dags/transform.py for tasks to queue
[2025-01-14T05:00:25.939+0000] {logging_mixin.py:115} INFO - [2025-01-14T05:00:25.939+0000] {dagbag.py:508} INFO - Filling up the DagBag from /opt/airflow/dags/transform.py
[2025-01-14T05:00:25.973+0000] {processor.py:652} WARNING - No viable dags retrieved from /opt/airflow/dags/transform.py
[2025-01-14T05:00:25.999+0000] {processor.py:161} INFO - Processing /opt/airflow/dags/transform.py took 0.066 seconds
[2025-01-14T05:00:53.271+0000] {processor.py:153} INFO - Started process (PID=721) to work on /opt/airflow/dags/transform.py
[2025-01-14T05:00:53.273+0000] {processor.py:640} INFO - Processing file /opt/airflow/dags/transform.py for tasks to queue
[2025-01-14T05:00:53.273+0000] {logging_mixin.py:115} INFO - [2025-01-14T05:00:53.273+0000] {dagbag.py:508} INFO - Filling up the DagBag from /opt/airflow/dags/transform.py
[2025-01-14T05:00:53.309+0000] {processor.py:652} WARNING - No viable dags retrieved from /opt/airflow/dags/transform.py
[2025-01-14T05:00:53.324+0000] {processor.py:161} INFO - Processing /opt/airflow/dags/transform.py took 0.057 seconds
[2025-01-14T05:01:23.683+0000] {processor.py:153} INFO - Started process (PID=741) to work on /opt/airflow/dags/transform.py
[2025-01-14T05:01:23.685+0000] {processor.py:640} INFO - Processing file /opt/airflow/dags/transform.py for tasks to queue
[2025-01-14T05:01:23.686+0000] {logging_mixin.py:115} INFO - [2025-01-14T05:01:23.686+0000] {dagbag.py:508} INFO - Filling up the DagBag from /opt/airflow/dags/transform.py
[2025-01-14T05:01:23.722+0000] {processor.py:652} WARNING - No viable dags retrieved from /opt/airflow/dags/transform.py
[2025-01-14T05:01:23.734+0000] {processor.py:161} INFO - Processing /opt/airflow/dags/transform.py took 0.057 seconds
[2025-01-14T05:01:54.175+0000] {processor.py:153} INFO - Started process (PID=766) to work on /opt/airflow/dags/transform.py
[2025-01-14T05:01:54.177+0000] {processor.py:640} INFO - Processing file /opt/airflow/dags/transform.py for tasks to queue
[2025-01-14T05:01:54.179+0000] {logging_mixin.py:115} INFO - [2025-01-14T05:01:54.178+0000] {dagbag.py:508} INFO - Filling up the DagBag from /opt/airflow/dags/transform.py
[2025-01-14T05:01:54.232+0000] {processor.py:652} WARNING - No viable dags retrieved from /opt/airflow/dags/transform.py
[2025-01-14T05:01:54.245+0000] {processor.py:161} INFO - Processing /opt/airflow/dags/transform.py took 0.076 seconds
[2025-01-14T05:02:24.658+0000] {processor.py:153} INFO - Started process (PID=786) to work on /opt/airflow/dags/transform.py
[2025-01-14T05:02:24.660+0000] {processor.py:640} INFO - Processing file /opt/airflow/dags/transform.py for tasks to queue
[2025-01-14T05:02:24.661+0000] {logging_mixin.py:115} INFO - [2025-01-14T05:02:24.661+0000] {dagbag.py:508} INFO - Filling up the DagBag from /opt/airflow/dags/transform.py
[2025-01-14T05:02:24.716+0000] {processor.py:652} WARNING - No viable dags retrieved from /opt/airflow/dags/transform.py
[2025-01-14T05:02:24.734+0000] {processor.py:161} INFO - Processing /opt/airflow/dags/transform.py took 0.082 seconds
[2025-01-14T05:02:55.087+0000] {processor.py:153} INFO - Started process (PID=819) to work on /opt/airflow/dags/transform.py
[2025-01-14T05:02:55.089+0000] {processor.py:640} INFO - Processing file /opt/airflow/dags/transform.py for tasks to queue
[2025-01-14T05:02:55.090+0000] {logging_mixin.py:115} INFO - [2025-01-14T05:02:55.090+0000] {dagbag.py:508} INFO - Filling up the DagBag from /opt/airflow/dags/transform.py
[2025-01-14T05:02:55.123+0000] {processor.py:652} WARNING - No viable dags retrieved from /opt/airflow/dags/transform.py
[2025-01-14T05:02:55.134+0000] {processor.py:161} INFO - Processing /opt/airflow/dags/transform.py took 0.051 seconds
[2025-01-14T05:03:25.645+0000] {processor.py:153} INFO - Started process (PID=1021) to work on /opt/airflow/dags/transform.py
[2025-01-14T05:03:25.651+0000] {processor.py:640} INFO - Processing file /opt/airflow/dags/transform.py for tasks to queue
[2025-01-14T05:03:25.653+0000] {logging_mixin.py:115} INFO - [2025-01-14T05:03:25.653+0000] {dagbag.py:508} INFO - Filling up the DagBag from /opt/airflow/dags/transform.py
[2025-01-14T05:03:25.696+0000] {processor.py:652} WARNING - No viable dags retrieved from /opt/airflow/dags/transform.py
[2025-01-14T05:03:25.711+0000] {processor.py:161} INFO - Processing /opt/airflow/dags/transform.py took 0.080 seconds
[2025-01-14T05:03:56.034+0000] {processor.py:153} INFO - Started process (PID=1041) to work on /opt/airflow/dags/transform.py
[2025-01-14T05:03:56.036+0000] {processor.py:640} INFO - Processing file /opt/airflow/dags/transform.py for tasks to queue
[2025-01-14T05:03:56.037+0000] {logging_mixin.py:115} INFO - [2025-01-14T05:03:56.037+0000] {dagbag.py:508} INFO - Filling up the DagBag from /opt/airflow/dags/transform.py
[2025-01-14T05:03:56.084+0000] {processor.py:652} WARNING - No viable dags retrieved from /opt/airflow/dags/transform.py
[2025-01-14T05:03:56.097+0000] {processor.py:161} INFO - Processing /opt/airflow/dags/transform.py took 0.068 seconds
[2025-01-14T05:04:26.417+0000] {processor.py:153} INFO - Started process (PID=1061) to work on /opt/airflow/dags/transform.py
[2025-01-14T05:04:26.420+0000] {processor.py:640} INFO - Processing file /opt/airflow/dags/transform.py for tasks to queue
[2025-01-14T05:04:26.421+0000] {logging_mixin.py:115} INFO - [2025-01-14T05:04:26.421+0000] {dagbag.py:508} INFO - Filling up the DagBag from /opt/airflow/dags/transform.py
[2025-01-14T05:04:26.463+0000] {processor.py:652} WARNING - No viable dags retrieved from /opt/airflow/dags/transform.py
[2025-01-14T05:04:26.477+0000] {processor.py:161} INFO - Processing /opt/airflow/dags/transform.py took 0.068 seconds
[2025-01-14T05:04:56.801+0000] {processor.py:153} INFO - Started process (PID=1081) to work on /opt/airflow/dags/transform.py
[2025-01-14T05:04:56.803+0000] {processor.py:640} INFO - Processing file /opt/airflow/dags/transform.py for tasks to queue
[2025-01-14T05:04:56.803+0000] {logging_mixin.py:115} INFO - [2025-01-14T05:04:56.803+0000] {dagbag.py:508} INFO - Filling up the DagBag from /opt/airflow/dags/transform.py
[2025-01-14T05:04:56.834+0000] {processor.py:652} WARNING - No viable dags retrieved from /opt/airflow/dags/transform.py
[2025-01-14T05:04:56.844+0000] {processor.py:161} INFO - Processing /opt/airflow/dags/transform.py took 0.048 seconds
[2025-01-14T05:05:27.106+0000] {processor.py:153} INFO - Started process (PID=1101) to work on /opt/airflow/dags/transform.py
[2025-01-14T05:05:27.109+0000] {processor.py:640} INFO - Processing file /opt/airflow/dags/transform.py for tasks to queue
[2025-01-14T05:05:27.110+0000] {logging_mixin.py:115} INFO - [2025-01-14T05:05:27.110+0000] {dagbag.py:508} INFO - Filling up the DagBag from /opt/airflow/dags/transform.py
[2025-01-14T05:05:27.170+0000] {processor.py:652} WARNING - No viable dags retrieved from /opt/airflow/dags/transform.py
[2025-01-14T05:05:27.185+0000] {processor.py:161} INFO - Processing /opt/airflow/dags/transform.py took 0.085 seconds
[2025-01-14T05:05:57.497+0000] {processor.py:153} INFO - Started process (PID=1121) to work on /opt/airflow/dags/transform.py
[2025-01-14T05:05:57.499+0000] {processor.py:640} INFO - Processing file /opt/airflow/dags/transform.py for tasks to queue
[2025-01-14T05:05:57.500+0000] {logging_mixin.py:115} INFO - [2025-01-14T05:05:57.500+0000] {dagbag.py:508} INFO - Filling up the DagBag from /opt/airflow/dags/transform.py
[2025-01-14T05:05:57.540+0000] {processor.py:652} WARNING - No viable dags retrieved from /opt/airflow/dags/transform.py
[2025-01-14T05:05:57.553+0000] {processor.py:161} INFO - Processing /opt/airflow/dags/transform.py took 0.062 seconds
[2025-01-14T05:06:07.783+0000] {processor.py:153} INFO - Started process (PID=1141) to work on /opt/airflow/dags/transform.py
[2025-01-14T05:06:07.785+0000] {processor.py:640} INFO - Processing file /opt/airflow/dags/transform.py for tasks to queue
[2025-01-14T05:06:07.786+0000] {logging_mixin.py:115} INFO - [2025-01-14T05:06:07.786+0000] {dagbag.py:508} INFO - Filling up the DagBag from /opt/airflow/dags/transform.py
[2025-01-14T05:06:07.835+0000] {processor.py:652} WARNING - No viable dags retrieved from /opt/airflow/dags/transform.py
[2025-01-14T05:06:07.851+0000] {processor.py:161} INFO - Processing /opt/airflow/dags/transform.py took 0.083 seconds
[2025-01-14T05:06:38.052+0000] {processor.py:153} INFO - Started process (PID=1161) to work on /opt/airflow/dags/transform.py
[2025-01-14T05:06:38.053+0000] {processor.py:640} INFO - Processing file /opt/airflow/dags/transform.py for tasks to queue
[2025-01-14T05:06:38.054+0000] {logging_mixin.py:115} INFO - [2025-01-14T05:06:38.054+0000] {dagbag.py:508} INFO - Filling up the DagBag from /opt/airflow/dags/transform.py
[2025-01-14T05:06:38.080+0000] {processor.py:652} WARNING - No viable dags retrieved from /opt/airflow/dags/transform.py
[2025-01-14T05:06:38.090+0000] {processor.py:161} INFO - Processing /opt/airflow/dags/transform.py took 0.041 seconds
[2025-01-14T05:07:08.371+0000] {processor.py:153} INFO - Started process (PID=1181) to work on /opt/airflow/dags/transform.py
[2025-01-14T05:07:08.373+0000] {processor.py:640} INFO - Processing file /opt/airflow/dags/transform.py for tasks to queue
[2025-01-14T05:07:08.373+0000] {logging_mixin.py:115} INFO - [2025-01-14T05:07:08.373+0000] {dagbag.py:508} INFO - Filling up the DagBag from /opt/airflow/dags/transform.py
[2025-01-14T05:07:08.402+0000] {processor.py:652} WARNING - No viable dags retrieved from /opt/airflow/dags/transform.py
[2025-01-14T05:07:08.412+0000] {processor.py:161} INFO - Processing /opt/airflow/dags/transform.py took 0.045 seconds
[2025-01-14T05:07:38.736+0000] {processor.py:153} INFO - Started process (PID=1201) to work on /opt/airflow/dags/transform.py
[2025-01-14T05:07:38.737+0000] {processor.py:640} INFO - Processing file /opt/airflow/dags/transform.py for tasks to queue
[2025-01-14T05:07:38.738+0000] {logging_mixin.py:115} INFO - [2025-01-14T05:07:38.738+0000] {dagbag.py:508} INFO - Filling up the DagBag from /opt/airflow/dags/transform.py
[2025-01-14T05:07:38.767+0000] {processor.py:652} WARNING - No viable dags retrieved from /opt/airflow/dags/transform.py
[2025-01-14T05:07:38.795+0000] {processor.py:161} INFO - Processing /opt/airflow/dags/transform.py took 0.063 seconds
[2025-01-14T05:07:40.815+0000] {processor.py:153} INFO - Started process (PID=1206) to work on /opt/airflow/dags/transform.py
[2025-01-14T05:07:40.817+0000] {processor.py:640} INFO - Processing file /opt/airflow/dags/transform.py for tasks to queue
[2025-01-14T05:07:40.817+0000] {logging_mixin.py:115} INFO - [2025-01-14T05:07:40.817+0000] {dagbag.py:508} INFO - Filling up the DagBag from /opt/airflow/dags/transform.py
[2025-01-14T05:07:40.858+0000] {processor.py:652} WARNING - No viable dags retrieved from /opt/airflow/dags/transform.py
[2025-01-14T05:07:40.885+0000] {processor.py:161} INFO - Processing /opt/airflow/dags/transform.py took 0.080 seconds
[2025-01-14T05:08:11.252+0000] {processor.py:153} INFO - Started process (PID=1226) to work on /opt/airflow/dags/transform.py
[2025-01-14T05:08:11.254+0000] {processor.py:640} INFO - Processing file /opt/airflow/dags/transform.py for tasks to queue
[2025-01-14T05:08:11.255+0000] {logging_mixin.py:115} INFO - [2025-01-14T05:08:11.254+0000] {dagbag.py:508} INFO - Filling up the DagBag from /opt/airflow/dags/transform.py
[2025-01-14T05:08:11.292+0000] {processor.py:652} WARNING - No viable dags retrieved from /opt/airflow/dags/transform.py
[2025-01-14T05:08:11.303+0000] {processor.py:161} INFO - Processing /opt/airflow/dags/transform.py took 0.056 seconds
[2025-01-14T05:08:21.393+0000] {processor.py:153} INFO - Started process (PID=1231) to work on /opt/airflow/dags/transform.py
[2025-01-14T05:08:21.395+0000] {processor.py:640} INFO - Processing file /opt/airflow/dags/transform.py for tasks to queue
[2025-01-14T05:08:21.396+0000] {logging_mixin.py:115} INFO - [2025-01-14T05:08:21.396+0000] {dagbag.py:508} INFO - Filling up the DagBag from /opt/airflow/dags/transform.py
[2025-01-14T05:08:21.439+0000] {processor.py:652} WARNING - No viable dags retrieved from /opt/airflow/dags/transform.py
[2025-01-14T05:08:21.459+0000] {processor.py:161} INFO - Processing /opt/airflow/dags/transform.py took 0.075 seconds
[2025-01-14T05:08:35.624+0000] {processor.py:153} INFO - Started process (PID=1241) to work on /opt/airflow/dags/transform.py
[2025-01-14T05:08:35.626+0000] {processor.py:640} INFO - Processing file /opt/airflow/dags/transform.py for tasks to queue
[2025-01-14T05:08:35.627+0000] {logging_mixin.py:115} INFO - [2025-01-14T05:08:35.627+0000] {dagbag.py:508} INFO - Filling up the DagBag from /opt/airflow/dags/transform.py
[2025-01-14T05:08:35.669+0000] {processor.py:652} WARNING - No viable dags retrieved from /opt/airflow/dags/transform.py
[2025-01-14T05:08:35.686+0000] {processor.py:161} INFO - Processing /opt/airflow/dags/transform.py took 0.069 seconds
[2025-01-14T05:09:05.979+0000] {processor.py:153} INFO - Started process (PID=1261) to work on /opt/airflow/dags/transform.py
[2025-01-14T05:09:05.980+0000] {processor.py:640} INFO - Processing file /opt/airflow/dags/transform.py for tasks to queue
[2025-01-14T05:09:05.980+0000] {logging_mixin.py:115} INFO - [2025-01-14T05:09:05.980+0000] {dagbag.py:508} INFO - Filling up the DagBag from /opt/airflow/dags/transform.py
[2025-01-14T05:09:06.000+0000] {processor.py:652} WARNING - No viable dags retrieved from /opt/airflow/dags/transform.py
[2025-01-14T05:09:06.008+0000] {processor.py:161} INFO - Processing /opt/airflow/dags/transform.py took 0.032 seconds
[2025-01-14T05:09:31.234+0000] {processor.py:153} INFO - Started process (PID=1276) to work on /opt/airflow/dags/transform.py
[2025-01-14T05:09:31.236+0000] {processor.py:640} INFO - Processing file /opt/airflow/dags/transform.py for tasks to queue
[2025-01-14T05:09:31.237+0000] {logging_mixin.py:115} INFO - [2025-01-14T05:09:31.237+0000] {dagbag.py:508} INFO - Filling up the DagBag from /opt/airflow/dags/transform.py
[2025-01-14T05:09:31.241+0000] {logging_mixin.py:115} INFO - [2025-01-14T05:09:31.241+0000] {dagbag.py:301} INFO - File /opt/airflow/dags/transform.py assumed to contain no DAGs. Skipping.
[2025-01-14T05:09:31.241+0000] {processor.py:652} WARNING - No viable dags retrieved from /opt/airflow/dags/transform.py
[2025-01-14T05:09:31.281+0000] {processor.py:161} INFO - Processing /opt/airflow/dags/transform.py took 0.055 seconds
[2025-01-14T05:09:53.599+0000] {processor.py:153} INFO - Started process (PID=1296) to work on /opt/airflow/dags/transform.py
[2025-01-14T05:09:53.601+0000] {processor.py:640} INFO - Processing file /opt/airflow/dags/transform.py for tasks to queue
[2025-01-14T05:09:53.602+0000] {logging_mixin.py:115} INFO - [2025-01-14T05:09:53.602+0000] {dagbag.py:508} INFO - Filling up the DagBag from /opt/airflow/dags/transform.py
[2025-01-14T05:09:53.603+0000] {logging_mixin.py:115} INFO - [2025-01-14T05:09:53.603+0000] {dagbag.py:301} INFO - File /opt/airflow/dags/transform.py assumed to contain no DAGs. Skipping.
[2025-01-14T05:09:53.604+0000] {processor.py:652} WARNING - No viable dags retrieved from /opt/airflow/dags/transform.py
[2025-01-14T05:09:53.628+0000] {processor.py:161} INFO - Processing /opt/airflow/dags/transform.py took 0.035 seconds
