[2025-01-15T13:23:27.672+0000] {taskinstance.py:1171} INFO - Dependencies all met for <TaskInstance: ETL_influencer_marchendise.data_extract manual__2025-01-15T13:23:27.009840+00:00 [queued]>
[2025-01-15T13:23:27.678+0000] {taskinstance.py:1171} INFO - Dependencies all met for <TaskInstance: ETL_influencer_marchendise.data_extract manual__2025-01-15T13:23:27.009840+00:00 [queued]>
[2025-01-15T13:23:27.679+0000] {taskinstance.py:1368} INFO - 
--------------------------------------------------------------------------------
[2025-01-15T13:23:27.679+0000] {taskinstance.py:1369} INFO - Starting attempt 1 of 2
[2025-01-15T13:23:27.679+0000] {taskinstance.py:1370} INFO - 
--------------------------------------------------------------------------------
[2025-01-15T13:23:27.687+0000] {taskinstance.py:1389} INFO - Executing <Task(BashOperator): data_extract> on 2025-01-15 13:23:27.009840+00:00
[2025-01-15T13:23:27.691+0000] {standard_task_runner.py:52} INFO - Started process 211 to run task
[2025-01-15T13:23:27.697+0000] {standard_task_runner.py:79} INFO - Running: ['***', 'tasks', 'run', 'ETL_influencer_marchendise', 'data_extract', 'manual__2025-01-15T13:23:27.009840+00:00', '--job-id', '2', '--raw', '--subdir', 'DAGS_FOLDER/P2M3_afif_makruf_DAG.py', '--cfg-path', '/tmp/tmp9x83wq6d', '--error-file', '/tmp/tmpea9ce_yo']
[2025-01-15T13:23:27.698+0000] {standard_task_runner.py:80} INFO - Job 2: Subtask data_extract
[2025-01-15T13:23:27.780+0000] {task_command.py:371} INFO - Running <TaskInstance: ETL_influencer_marchendise.data_extract manual__2025-01-15T13:23:27.009840+00:00 [running]> on host 37c8cc51015a
[2025-01-15T13:23:27.832+0000] {taskinstance.py:1583} INFO - Exporting the following env vars:
AIRFLOW_CTX_DAG_OWNER=afif
AIRFLOW_CTX_DAG_ID=ETL_influencer_marchendise
AIRFLOW_CTX_TASK_ID=data_extract
AIRFLOW_CTX_EXECUTION_DATE=2025-01-15T13:23:27.009840+00:00
AIRFLOW_CTX_TRY_NUMBER=1
AIRFLOW_CTX_DAG_RUN_ID=manual__2025-01-15T13:23:27.009840+00:00
[2025-01-15T13:23:27.833+0000] {subprocess.py:62} INFO - Tmp dir root location: 
 /tmp
[2025-01-15T13:23:27.834+0000] {subprocess.py:74} INFO - Running command: ['/bin/bash', '-c', 'sudo -u *** python /opt/***/dags/extract.py']
[2025-01-15T13:23:27.841+0000] {subprocess.py:85} INFO - Output:
[2025-01-15T13:23:28.798+0000] {subprocess.py:92} INFO - WARNING: An illegal reflective access operation has occurred
[2025-01-15T13:23:28.799+0000] {subprocess.py:92} INFO - WARNING: Illegal reflective access by org.apache.spark.unsafe.Platform (file:/home/***/.local/lib/python3.7/site-packages/pyspark/jars/spark-unsafe_2.12-3.1.2.jar) to constructor java.nio.DirectByteBuffer(long,int)
[2025-01-15T13:23:28.799+0000] {subprocess.py:92} INFO - WARNING: Please consider reporting this to the maintainers of org.apache.spark.unsafe.Platform
[2025-01-15T13:23:28.799+0000] {subprocess.py:92} INFO - WARNING: Use --illegal-access=warn to enable warnings of further illegal reflective access operations
[2025-01-15T13:23:28.800+0000] {subprocess.py:92} INFO - WARNING: All illegal access operations will be denied in a future release
[2025-01-15T13:23:29.016+0000] {subprocess.py:92} INFO - 25/01/15 13:23:29 WARN NativeCodeLoader: Unable to load native-hadoop library for your platform... using builtin-java classes where applicable
[2025-01-15T13:23:29.120+0000] {subprocess.py:92} INFO - Using Spark's default log4j profile: org/apache/spark/log4j-defaults.properties
[2025-01-15T13:23:29.120+0000] {subprocess.py:92} INFO - Setting default log level to "WARN".
[2025-01-15T13:23:29.120+0000] {subprocess.py:92} INFO - To adjust logging level use sc.setLogLevel(newLevel). For SparkR, use setLogLevel(newLevel).
[2025-01-15T13:23:34.240+0000] {subprocess.py:96} INFO - Command exited with return code 0
[2025-01-15T13:23:34.311+0000] {taskinstance.py:1412} INFO - Marking task as SUCCESS. dag_id=ETL_influencer_marchendise, task_id=data_extract, execution_date=20250115T132327, start_date=20250115T132327, end_date=20250115T132334
[2025-01-15T13:23:34.329+0000] {local_task_job.py:156} INFO - Task exited with return code 0
[2025-01-15T13:23:34.373+0000] {local_task_job.py:279} INFO - 1 downstream tasks scheduled from follow-on schedule check
