[2025-01-16T07:55:13.824+0000] {taskinstance.py:1171} INFO - Dependencies all met for <TaskInstance: ETL_influencer_marchendise.data_transform manual__2025-01-16T07:55:06.780111+00:00 [queued]>
[2025-01-16T07:55:13.829+0000] {taskinstance.py:1171} INFO - Dependencies all met for <TaskInstance: ETL_influencer_marchendise.data_transform manual__2025-01-16T07:55:06.780111+00:00 [queued]>
[2025-01-16T07:55:13.829+0000] {taskinstance.py:1368} INFO - 
--------------------------------------------------------------------------------
[2025-01-16T07:55:13.829+0000] {taskinstance.py:1369} INFO - Starting attempt 1 of 2
[2025-01-16T07:55:13.829+0000] {taskinstance.py:1370} INFO - 
--------------------------------------------------------------------------------
[2025-01-16T07:55:13.835+0000] {taskinstance.py:1389} INFO - Executing <Task(BashOperator): data_transform> on 2025-01-16 07:55:06.780111+00:00
[2025-01-16T07:55:13.837+0000] {standard_task_runner.py:52} INFO - Started process 1718 to run task
[2025-01-16T07:55:13.839+0000] {standard_task_runner.py:79} INFO - Running: ['***', 'tasks', 'run', 'ETL_influencer_marchendise', 'data_transform', 'manual__2025-01-16T07:55:06.780111+00:00', '--job-id', '8', '--raw', '--subdir', 'DAGS_FOLDER/P2M3_afif_makruf_DAG.py', '--cfg-path', '/tmp/tmpkyq_geyr', '--error-file', '/tmp/tmpqbc2rq46']
[2025-01-16T07:55:13.840+0000] {standard_task_runner.py:80} INFO - Job 8: Subtask data_transform
[2025-01-16T07:55:13.870+0000] {task_command.py:371} INFO - Running <TaskInstance: ETL_influencer_marchendise.data_transform manual__2025-01-16T07:55:06.780111+00:00 [running]> on host 68f5c81f818a
[2025-01-16T07:55:13.904+0000] {taskinstance.py:1583} INFO - Exporting the following env vars:
AIRFLOW_CTX_DAG_OWNER=afif
AIRFLOW_CTX_DAG_ID=ETL_influencer_marchendise
AIRFLOW_CTX_TASK_ID=data_transform
AIRFLOW_CTX_EXECUTION_DATE=2025-01-16T07:55:06.780111+00:00
AIRFLOW_CTX_TRY_NUMBER=1
AIRFLOW_CTX_DAG_RUN_ID=manual__2025-01-16T07:55:06.780111+00:00
[2025-01-16T07:55:13.904+0000] {subprocess.py:62} INFO - Tmp dir root location: 
 /tmp
[2025-01-16T07:55:13.905+0000] {subprocess.py:74} INFO - Running command: ['/bin/bash', '-c', 'sudo -u *** python /opt/***/dags/transform.py']
[2025-01-16T07:55:13.908+0000] {subprocess.py:85} INFO - Output:
[2025-01-16T07:55:14.599+0000] {subprocess.py:92} INFO - WARNING: An illegal reflective access operation has occurred
[2025-01-16T07:55:14.599+0000] {subprocess.py:92} INFO - WARNING: Illegal reflective access by org.apache.spark.unsafe.Platform (file:/home/***/.local/lib/python3.7/site-packages/pyspark/jars/spark-unsafe_2.12-3.1.2.jar) to constructor java.nio.DirectByteBuffer(long,int)
[2025-01-16T07:55:14.599+0000] {subprocess.py:92} INFO - WARNING: Please consider reporting this to the maintainers of org.apache.spark.unsafe.Platform
[2025-01-16T07:55:14.600+0000] {subprocess.py:92} INFO - WARNING: Use --illegal-access=warn to enable warnings of further illegal reflective access operations
[2025-01-16T07:55:14.600+0000] {subprocess.py:92} INFO - WARNING: All illegal access operations will be denied in a future release
[2025-01-16T07:55:14.795+0000] {subprocess.py:92} INFO - 25/01/16 07:55:14 WARN NativeCodeLoader: Unable to load native-hadoop library for your platform... using builtin-java classes where applicable
[2025-01-16T07:55:14.883+0000] {subprocess.py:92} INFO - Using Spark's default log4j profile: org/apache/spark/log4j-defaults.properties
[2025-01-16T07:55:14.883+0000] {subprocess.py:92} INFO - Setting default log level to "WARN".
[2025-01-16T07:55:14.884+0000] {subprocess.py:92} INFO - To adjust logging level use sc.setLogLevel(newLevel). For SparkR, use setLogLevel(newLevel).
[2025-01-16T07:55:19.366+0000] {subprocess.py:96} INFO - Command exited with return code 0
[2025-01-16T07:55:19.403+0000] {taskinstance.py:1412} INFO - Marking task as SUCCESS. dag_id=ETL_influencer_marchendise, task_id=data_transform, execution_date=20250116T075506, start_date=20250116T075513, end_date=20250116T075519
[2025-01-16T07:55:19.456+0000] {local_task_job.py:156} INFO - Task exited with return code 0
[2025-01-16T07:55:19.489+0000] {local_task_job.py:279} INFO - 1 downstream tasks scheduled from follow-on schedule check
