[2025-01-14T05:32:17.502+0000] {taskinstance.py:1171} INFO - Dependencies all met for <TaskInstance: ETL_influencer_marchendise.data_extract manual__2025-01-14T05:32:16.382334+00:00 [queued]>
[2025-01-14T05:32:17.508+0000] {taskinstance.py:1171} INFO - Dependencies all met for <TaskInstance: ETL_influencer_marchendise.data_extract manual__2025-01-14T05:32:16.382334+00:00 [queued]>
[2025-01-14T05:32:17.508+0000] {taskinstance.py:1368} INFO - 
--------------------------------------------------------------------------------
[2025-01-14T05:32:17.508+0000] {taskinstance.py:1369} INFO - Starting attempt 1 of 2
[2025-01-14T05:32:17.508+0000] {taskinstance.py:1370} INFO - 
--------------------------------------------------------------------------------
[2025-01-14T05:32:17.515+0000] {taskinstance.py:1389} INFO - Executing <Task(BashOperator): data_extract> on 2025-01-14 05:32:16.382334+00:00
[2025-01-14T05:32:17.523+0000] {standard_task_runner.py:52} INFO - Started process 1962 to run task
[2025-01-14T05:32:17.527+0000] {standard_task_runner.py:79} INFO - Running: ['***', 'tasks', 'run', 'ETL_influencer_marchendise', 'data_extract', 'manual__2025-01-14T05:32:16.382334+00:00', '--job-id', '5', '--raw', '--subdir', 'DAGS_FOLDER/AirflowM3.py', '--cfg-path', '/tmp/tmpmqt1jvrt', '--error-file', '/tmp/tmpzn6gn7oa']
[2025-01-14T05:32:17.529+0000] {standard_task_runner.py:80} INFO - Job 5: Subtask data_extract
[2025-01-14T05:32:17.576+0000] {task_command.py:371} INFO - Running <TaskInstance: ETL_influencer_marchendise.data_extract manual__2025-01-14T05:32:16.382334+00:00 [running]> on host f0721e5f96e7
[2025-01-14T05:32:17.620+0000] {taskinstance.py:1583} INFO - Exporting the following env vars:
AIRFLOW_CTX_DAG_OWNER=afif
AIRFLOW_CTX_DAG_ID=ETL_influencer_marchendise
AIRFLOW_CTX_TASK_ID=data_extract
AIRFLOW_CTX_EXECUTION_DATE=2025-01-14T05:32:16.382334+00:00
AIRFLOW_CTX_TRY_NUMBER=1
AIRFLOW_CTX_DAG_RUN_ID=manual__2025-01-14T05:32:16.382334+00:00
[2025-01-14T05:32:17.622+0000] {subprocess.py:62} INFO - Tmp dir root location: 
 /tmp
[2025-01-14T05:32:17.624+0000] {subprocess.py:74} INFO - Running command: ['/bin/bash', '-c', 'sudo -u *** python /opt/***/dags/extract.py']
[2025-01-14T05:32:17.629+0000] {subprocess.py:85} INFO - Output:
[2025-01-14T05:32:18.647+0000] {subprocess.py:92} INFO - WARNING: An illegal reflective access operation has occurred
[2025-01-14T05:32:18.648+0000] {subprocess.py:92} INFO - WARNING: Illegal reflective access by org.apache.spark.unsafe.Platform (file:/home/***/.local/lib/python3.7/site-packages/pyspark/jars/spark-unsafe_2.12-3.1.2.jar) to constructor java.nio.DirectByteBuffer(long,int)
[2025-01-14T05:32:18.648+0000] {subprocess.py:92} INFO - WARNING: Please consider reporting this to the maintainers of org.apache.spark.unsafe.Platform
[2025-01-14T05:32:18.648+0000] {subprocess.py:92} INFO - WARNING: Use --illegal-access=warn to enable warnings of further illegal reflective access operations
[2025-01-14T05:32:18.648+0000] {subprocess.py:92} INFO - WARNING: All illegal access operations will be denied in a future release
[2025-01-14T05:32:18.853+0000] {subprocess.py:92} INFO - 25/01/14 05:32:18 WARN NativeCodeLoader: Unable to load native-hadoop library for your platform... using builtin-java classes where applicable
[2025-01-14T05:32:18.936+0000] {subprocess.py:92} INFO - Using Spark's default log4j profile: org/apache/spark/log4j-defaults.properties
[2025-01-14T05:32:18.936+0000] {subprocess.py:92} INFO - Setting default log level to "WARN".
[2025-01-14T05:32:18.936+0000] {subprocess.py:92} INFO - To adjust logging level use sc.setLogLevel(newLevel). For SparkR, use setLogLevel(newLevel).
[2025-01-14T05:32:23.418+0000] {subprocess.py:96} INFO - Command exited with return code 0
[2025-01-14T05:32:23.456+0000] {taskinstance.py:1412} INFO - Marking task as SUCCESS. dag_id=ETL_influencer_marchendise, task_id=data_extract, execution_date=20250114T053216, start_date=20250114T053217, end_date=20250114T053223
[2025-01-14T05:32:23.504+0000] {local_task_job.py:156} INFO - Task exited with return code 0
[2025-01-14T05:32:23.521+0000] {local_task_job.py:279} INFO - 0 downstream tasks scheduled from follow-on schedule check
