[2025-01-16T07:42:14.948+0000] {processor.py:153} INFO - Started process (PID=203) to work on /opt/airflow/dags/AirflowCrypto2.py
[2025-01-16T07:42:14.950+0000] {processor.py:640} INFO - Processing file /opt/airflow/dags/AirflowCrypto2.py for tasks to queue
[2025-01-16T07:42:14.952+0000] {logging_mixin.py:115} INFO - [2025-01-16T07:42:14.951+0000] {dagbag.py:508} INFO - Filling up the DagBag from /opt/airflow/dags/AirflowCrypto2.py
[2025-01-16T07:42:14.973+0000] {processor.py:650} INFO - DAG(s) dict_keys(['coin_scrapper2']) retrieved from /opt/airflow/dags/AirflowCrypto2.py
[2025-01-16T07:42:15.029+0000] {logging_mixin.py:115} INFO - [2025-01-16T07:42:15.029+0000] {manager.py:508} INFO - Created Permission View: can delete on DAG:coin_scrapper2
[2025-01-16T07:42:15.033+0000] {logging_mixin.py:115} INFO - [2025-01-16T07:42:15.033+0000] {manager.py:508} INFO - Created Permission View: can read on DAG:coin_scrapper2
[2025-01-16T07:42:15.036+0000] {logging_mixin.py:115} INFO - [2025-01-16T07:42:15.036+0000] {manager.py:508} INFO - Created Permission View: can edit on DAG:coin_scrapper2
[2025-01-16T07:42:15.036+0000] {logging_mixin.py:115} INFO - [2025-01-16T07:42:15.036+0000] {dag.py:2429} INFO - Sync 1 DAGs
[2025-01-16T07:42:15.040+0000] {logging_mixin.py:115} INFO - [2025-01-16T07:42:15.040+0000] {dag.py:2448} INFO - Creating ORM DAG for coin_scrapper2
[2025-01-16T07:42:15.048+0000] {logging_mixin.py:115} INFO - [2025-01-16T07:42:15.048+0000] {dag.py:2981} INFO - Setting next_dagrun for coin_scrapper2 to 2025-01-16T07:35:00+00:00, run_after=2025-01-16T07:40:00+00:00
[2025-01-16T07:42:15.053+0000] {processor.py:161} INFO - Processing /opt/airflow/dags/AirflowCrypto2.py took 0.111 seconds
[2025-01-16T07:42:45.371+0000] {processor.py:153} INFO - Started process (PID=218) to work on /opt/airflow/dags/AirflowCrypto2.py
[2025-01-16T07:42:45.372+0000] {processor.py:640} INFO - Processing file /opt/airflow/dags/AirflowCrypto2.py for tasks to queue
[2025-01-16T07:42:45.373+0000] {logging_mixin.py:115} INFO - [2025-01-16T07:42:45.373+0000] {dagbag.py:508} INFO - Filling up the DagBag from /opt/airflow/dags/AirflowCrypto2.py
[2025-01-16T07:42:45.382+0000] {processor.py:650} INFO - DAG(s) dict_keys(['coin_scrapper2']) retrieved from /opt/airflow/dags/AirflowCrypto2.py
[2025-01-16T07:42:45.397+0000] {logging_mixin.py:115} INFO - [2025-01-16T07:42:45.397+0000] {dag.py:2429} INFO - Sync 1 DAGs
[2025-01-16T07:42:45.410+0000] {logging_mixin.py:115} INFO - [2025-01-16T07:42:45.410+0000] {dag.py:2981} INFO - Setting next_dagrun for coin_scrapper2 to 2025-01-16T07:35:00+00:00, run_after=2025-01-16T07:40:00+00:00
[2025-01-16T07:42:45.415+0000] {processor.py:161} INFO - Processing /opt/airflow/dags/AirflowCrypto2.py took 0.048 seconds
[2025-01-16T07:43:15.709+0000] {processor.py:153} INFO - Started process (PID=233) to work on /opt/airflow/dags/AirflowCrypto2.py
[2025-01-16T07:43:15.710+0000] {processor.py:640} INFO - Processing file /opt/airflow/dags/AirflowCrypto2.py for tasks to queue
[2025-01-16T07:43:15.710+0000] {logging_mixin.py:115} INFO - [2025-01-16T07:43:15.710+0000] {dagbag.py:508} INFO - Filling up the DagBag from /opt/airflow/dags/AirflowCrypto2.py
[2025-01-16T07:43:15.717+0000] {processor.py:650} INFO - DAG(s) dict_keys(['coin_scrapper2']) retrieved from /opt/airflow/dags/AirflowCrypto2.py
[2025-01-16T07:43:15.730+0000] {logging_mixin.py:115} INFO - [2025-01-16T07:43:15.730+0000] {dag.py:2429} INFO - Sync 1 DAGs
[2025-01-16T07:43:15.741+0000] {logging_mixin.py:115} INFO - [2025-01-16T07:43:15.740+0000] {dag.py:2981} INFO - Setting next_dagrun for coin_scrapper2 to 2025-01-16T07:35:00+00:00, run_after=2025-01-16T07:40:00+00:00
[2025-01-16T07:43:15.745+0000] {processor.py:161} INFO - Processing /opt/airflow/dags/AirflowCrypto2.py took 0.038 seconds
[2025-01-16T07:43:45.984+0000] {processor.py:153} INFO - Started process (PID=248) to work on /opt/airflow/dags/AirflowCrypto2.py
[2025-01-16T07:43:45.985+0000] {processor.py:640} INFO - Processing file /opt/airflow/dags/AirflowCrypto2.py for tasks to queue
[2025-01-16T07:43:45.986+0000] {logging_mixin.py:115} INFO - [2025-01-16T07:43:45.986+0000] {dagbag.py:508} INFO - Filling up the DagBag from /opt/airflow/dags/AirflowCrypto2.py
[2025-01-16T07:43:45.995+0000] {processor.py:650} INFO - DAG(s) dict_keys(['coin_scrapper2']) retrieved from /opt/airflow/dags/AirflowCrypto2.py
[2025-01-16T07:43:46.009+0000] {logging_mixin.py:115} INFO - [2025-01-16T07:43:46.009+0000] {dag.py:2429} INFO - Sync 1 DAGs
[2025-01-16T07:43:46.020+0000] {logging_mixin.py:115} INFO - [2025-01-16T07:43:46.020+0000] {dag.py:2981} INFO - Setting next_dagrun for coin_scrapper2 to 2025-01-16T07:35:00+00:00, run_after=2025-01-16T07:40:00+00:00
[2025-01-16T07:43:46.024+0000] {processor.py:161} INFO - Processing /opt/airflow/dags/AirflowCrypto2.py took 0.043 seconds
[2025-01-16T07:44:16.381+0000] {processor.py:153} INFO - Started process (PID=263) to work on /opt/airflow/dags/AirflowCrypto2.py
[2025-01-16T07:44:16.381+0000] {processor.py:640} INFO - Processing file /opt/airflow/dags/AirflowCrypto2.py for tasks to queue
[2025-01-16T07:44:16.382+0000] {logging_mixin.py:115} INFO - [2025-01-16T07:44:16.382+0000] {dagbag.py:508} INFO - Filling up the DagBag from /opt/airflow/dags/AirflowCrypto2.py
[2025-01-16T07:44:16.390+0000] {processor.py:650} INFO - DAG(s) dict_keys(['coin_scrapper2']) retrieved from /opt/airflow/dags/AirflowCrypto2.py
[2025-01-16T07:44:16.404+0000] {logging_mixin.py:115} INFO - [2025-01-16T07:44:16.404+0000] {dag.py:2429} INFO - Sync 1 DAGs
[2025-01-16T07:44:16.414+0000] {logging_mixin.py:115} INFO - [2025-01-16T07:44:16.414+0000] {dag.py:2981} INFO - Setting next_dagrun for coin_scrapper2 to 2025-01-16T07:35:00+00:00, run_after=2025-01-16T07:40:00+00:00
[2025-01-16T07:44:16.419+0000] {processor.py:161} INFO - Processing /opt/airflow/dags/AirflowCrypto2.py took 0.040 seconds
[2025-01-16T07:44:46.665+0000] {processor.py:153} INFO - Started process (PID=457) to work on /opt/airflow/dags/AirflowCrypto2.py
[2025-01-16T07:44:46.666+0000] {processor.py:640} INFO - Processing file /opt/airflow/dags/AirflowCrypto2.py for tasks to queue
[2025-01-16T07:44:46.666+0000] {logging_mixin.py:115} INFO - [2025-01-16T07:44:46.666+0000] {dagbag.py:508} INFO - Filling up the DagBag from /opt/airflow/dags/AirflowCrypto2.py
[2025-01-16T07:44:46.676+0000] {processor.py:650} INFO - DAG(s) dict_keys(['coin_scrapper2']) retrieved from /opt/airflow/dags/AirflowCrypto2.py
[2025-01-16T07:44:46.688+0000] {logging_mixin.py:115} INFO - [2025-01-16T07:44:46.688+0000] {dag.py:2429} INFO - Sync 1 DAGs
[2025-01-16T07:44:46.701+0000] {logging_mixin.py:115} INFO - [2025-01-16T07:44:46.700+0000] {dag.py:2981} INFO - Setting next_dagrun for coin_scrapper2 to 2025-01-16T07:35:00+00:00, run_after=2025-01-16T07:40:00+00:00
[2025-01-16T07:44:46.706+0000] {processor.py:161} INFO - Processing /opt/airflow/dags/AirflowCrypto2.py took 0.043 seconds
[2025-01-16T07:45:17.065+0000] {processor.py:153} INFO - Started process (PID=472) to work on /opt/airflow/dags/AirflowCrypto2.py
[2025-01-16T07:45:17.066+0000] {processor.py:640} INFO - Processing file /opt/airflow/dags/AirflowCrypto2.py for tasks to queue
[2025-01-16T07:45:17.068+0000] {logging_mixin.py:115} INFO - [2025-01-16T07:45:17.068+0000] {dagbag.py:508} INFO - Filling up the DagBag from /opt/airflow/dags/AirflowCrypto2.py
[2025-01-16T07:45:17.076+0000] {processor.py:650} INFO - DAG(s) dict_keys(['coin_scrapper2']) retrieved from /opt/airflow/dags/AirflowCrypto2.py
[2025-01-16T07:45:17.091+0000] {logging_mixin.py:115} INFO - [2025-01-16T07:45:17.091+0000] {dag.py:2429} INFO - Sync 1 DAGs
[2025-01-16T07:45:17.106+0000] {logging_mixin.py:115} INFO - [2025-01-16T07:45:17.106+0000] {dag.py:2981} INFO - Setting next_dagrun for coin_scrapper2 to 2025-01-16T07:40:00+00:00, run_after=2025-01-16T07:45:00+00:00
[2025-01-16T07:45:17.111+0000] {processor.py:161} INFO - Processing /opt/airflow/dags/AirflowCrypto2.py took 0.048 seconds
[2025-01-16T07:45:47.434+0000] {processor.py:153} INFO - Started process (PID=487) to work on /opt/airflow/dags/AirflowCrypto2.py
[2025-01-16T07:45:47.440+0000] {processor.py:640} INFO - Processing file /opt/airflow/dags/AirflowCrypto2.py for tasks to queue
[2025-01-16T07:45:47.442+0000] {logging_mixin.py:115} INFO - [2025-01-16T07:45:47.442+0000] {dagbag.py:508} INFO - Filling up the DagBag from /opt/airflow/dags/AirflowCrypto2.py
[2025-01-16T07:45:47.451+0000] {processor.py:650} INFO - DAG(s) dict_keys(['coin_scrapper2']) retrieved from /opt/airflow/dags/AirflowCrypto2.py
[2025-01-16T07:45:47.466+0000] {logging_mixin.py:115} INFO - [2025-01-16T07:45:47.466+0000] {dag.py:2429} INFO - Sync 1 DAGs
[2025-01-16T07:45:47.477+0000] {logging_mixin.py:115} INFO - [2025-01-16T07:45:47.477+0000] {dag.py:2981} INFO - Setting next_dagrun for coin_scrapper2 to 2025-01-16T07:40:00+00:00, run_after=2025-01-16T07:45:00+00:00
[2025-01-16T07:45:47.482+0000] {processor.py:161} INFO - Processing /opt/airflow/dags/AirflowCrypto2.py took 0.055 seconds
[2025-01-16T07:46:17.772+0000] {processor.py:153} INFO - Started process (PID=502) to work on /opt/airflow/dags/AirflowCrypto2.py
[2025-01-16T07:46:17.773+0000] {processor.py:640} INFO - Processing file /opt/airflow/dags/AirflowCrypto2.py for tasks to queue
[2025-01-16T07:46:17.774+0000] {logging_mixin.py:115} INFO - [2025-01-16T07:46:17.774+0000] {dagbag.py:508} INFO - Filling up the DagBag from /opt/airflow/dags/AirflowCrypto2.py
[2025-01-16T07:46:17.781+0000] {processor.py:650} INFO - DAG(s) dict_keys(['coin_scrapper2']) retrieved from /opt/airflow/dags/AirflowCrypto2.py
[2025-01-16T07:46:17.797+0000] {logging_mixin.py:115} INFO - [2025-01-16T07:46:17.797+0000] {dag.py:2429} INFO - Sync 1 DAGs
[2025-01-16T07:46:17.808+0000] {logging_mixin.py:115} INFO - [2025-01-16T07:46:17.807+0000] {dag.py:2981} INFO - Setting next_dagrun for coin_scrapper2 to 2025-01-16T07:40:00+00:00, run_after=2025-01-16T07:45:00+00:00
[2025-01-16T07:46:17.812+0000] {processor.py:161} INFO - Processing /opt/airflow/dags/AirflowCrypto2.py took 0.042 seconds
[2025-01-16T07:46:48.053+0000] {processor.py:153} INFO - Started process (PID=900) to work on /opt/airflow/dags/AirflowCrypto2.py
[2025-01-16T07:46:48.055+0000] {processor.py:640} INFO - Processing file /opt/airflow/dags/AirflowCrypto2.py for tasks to queue
[2025-01-16T07:46:48.056+0000] {logging_mixin.py:115} INFO - [2025-01-16T07:46:48.056+0000] {dagbag.py:508} INFO - Filling up the DagBag from /opt/airflow/dags/AirflowCrypto2.py
[2025-01-16T07:46:48.065+0000] {processor.py:650} INFO - DAG(s) dict_keys(['coin_scrapper2']) retrieved from /opt/airflow/dags/AirflowCrypto2.py
[2025-01-16T07:46:48.083+0000] {logging_mixin.py:115} INFO - [2025-01-16T07:46:48.083+0000] {dag.py:2429} INFO - Sync 1 DAGs
[2025-01-16T07:46:48.094+0000] {logging_mixin.py:115} INFO - [2025-01-16T07:46:48.093+0000] {dag.py:2981} INFO - Setting next_dagrun for coin_scrapper2 to 2025-01-16T07:40:00+00:00, run_after=2025-01-16T07:45:00+00:00
[2025-01-16T07:46:48.099+0000] {processor.py:161} INFO - Processing /opt/airflow/dags/AirflowCrypto2.py took 0.048 seconds
[2025-01-16T07:47:18.423+0000] {processor.py:153} INFO - Started process (PID=915) to work on /opt/airflow/dags/AirflowCrypto2.py
[2025-01-16T07:47:18.424+0000] {processor.py:640} INFO - Processing file /opt/airflow/dags/AirflowCrypto2.py for tasks to queue
[2025-01-16T07:47:18.425+0000] {logging_mixin.py:115} INFO - [2025-01-16T07:47:18.425+0000] {dagbag.py:508} INFO - Filling up the DagBag from /opt/airflow/dags/AirflowCrypto2.py
[2025-01-16T07:47:18.433+0000] {processor.py:650} INFO - DAG(s) dict_keys(['coin_scrapper2']) retrieved from /opt/airflow/dags/AirflowCrypto2.py
[2025-01-16T07:47:18.447+0000] {logging_mixin.py:115} INFO - [2025-01-16T07:47:18.447+0000] {dag.py:2429} INFO - Sync 1 DAGs
[2025-01-16T07:47:18.458+0000] {logging_mixin.py:115} INFO - [2025-01-16T07:47:18.458+0000] {dag.py:2981} INFO - Setting next_dagrun for coin_scrapper2 to 2025-01-16T07:40:00+00:00, run_after=2025-01-16T07:45:00+00:00
[2025-01-16T07:47:18.462+0000] {processor.py:161} INFO - Processing /opt/airflow/dags/AirflowCrypto2.py took 0.041 seconds
[2025-01-16T07:47:48.745+0000] {processor.py:153} INFO - Started process (PID=1316) to work on /opt/airflow/dags/AirflowCrypto2.py
[2025-01-16T07:47:48.746+0000] {processor.py:640} INFO - Processing file /opt/airflow/dags/AirflowCrypto2.py for tasks to queue
[2025-01-16T07:47:48.746+0000] {logging_mixin.py:115} INFO - [2025-01-16T07:47:48.746+0000] {dagbag.py:508} INFO - Filling up the DagBag from /opt/airflow/dags/AirflowCrypto2.py
[2025-01-16T07:47:48.756+0000] {processor.py:650} INFO - DAG(s) dict_keys(['coin_scrapper2']) retrieved from /opt/airflow/dags/AirflowCrypto2.py
[2025-01-16T07:47:48.773+0000] {logging_mixin.py:115} INFO - [2025-01-16T07:47:48.773+0000] {dag.py:2429} INFO - Sync 1 DAGs
[2025-01-16T07:47:48.783+0000] {logging_mixin.py:115} INFO - [2025-01-16T07:47:48.783+0000] {dag.py:2981} INFO - Setting next_dagrun for coin_scrapper2 to 2025-01-16T07:40:00+00:00, run_after=2025-01-16T07:45:00+00:00
[2025-01-16T07:47:48.787+0000] {processor.py:161} INFO - Processing /opt/airflow/dags/AirflowCrypto2.py took 0.045 seconds
[2025-01-16T07:48:19.143+0000] {processor.py:153} INFO - Started process (PID=1331) to work on /opt/airflow/dags/AirflowCrypto2.py
[2025-01-16T07:48:19.146+0000] {processor.py:640} INFO - Processing file /opt/airflow/dags/AirflowCrypto2.py for tasks to queue
[2025-01-16T07:48:19.147+0000] {logging_mixin.py:115} INFO - [2025-01-16T07:48:19.147+0000] {dagbag.py:508} INFO - Filling up the DagBag from /opt/airflow/dags/AirflowCrypto2.py
[2025-01-16T07:48:19.158+0000] {processor.py:650} INFO - DAG(s) dict_keys(['coin_scrapper2']) retrieved from /opt/airflow/dags/AirflowCrypto2.py
[2025-01-16T07:48:19.173+0000] {logging_mixin.py:115} INFO - [2025-01-16T07:48:19.173+0000] {dag.py:2429} INFO - Sync 1 DAGs
[2025-01-16T07:48:19.184+0000] {logging_mixin.py:115} INFO - [2025-01-16T07:48:19.184+0000] {dag.py:2981} INFO - Setting next_dagrun for coin_scrapper2 to 2025-01-16T07:40:00+00:00, run_after=2025-01-16T07:45:00+00:00
[2025-01-16T07:48:19.189+0000] {processor.py:161} INFO - Processing /opt/airflow/dags/AirflowCrypto2.py took 0.049 seconds
[2025-01-16T07:48:49.469+0000] {processor.py:153} INFO - Started process (PID=1346) to work on /opt/airflow/dags/AirflowCrypto2.py
[2025-01-16T07:48:49.471+0000] {processor.py:640} INFO - Processing file /opt/airflow/dags/AirflowCrypto2.py for tasks to queue
[2025-01-16T07:48:49.471+0000] {logging_mixin.py:115} INFO - [2025-01-16T07:48:49.471+0000] {dagbag.py:508} INFO - Filling up the DagBag from /opt/airflow/dags/AirflowCrypto2.py
[2025-01-16T07:48:49.477+0000] {processor.py:650} INFO - DAG(s) dict_keys(['coin_scrapper2']) retrieved from /opt/airflow/dags/AirflowCrypto2.py
[2025-01-16T07:48:49.494+0000] {logging_mixin.py:115} INFO - [2025-01-16T07:48:49.494+0000] {dag.py:2429} INFO - Sync 1 DAGs
[2025-01-16T07:48:49.550+0000] {logging_mixin.py:115} INFO - [2025-01-16T07:48:49.550+0000] {dag.py:2981} INFO - Setting next_dagrun for coin_scrapper2 to 2025-01-16T07:40:00+00:00, run_after=2025-01-16T07:45:00+00:00
[2025-01-16T07:48:49.599+0000] {processor.py:161} INFO - Processing /opt/airflow/dags/AirflowCrypto2.py took 0.133 seconds
[2025-01-16T07:49:19.876+0000] {processor.py:153} INFO - Started process (PID=1361) to work on /opt/airflow/dags/AirflowCrypto2.py
[2025-01-16T07:49:19.877+0000] {processor.py:640} INFO - Processing file /opt/airflow/dags/AirflowCrypto2.py for tasks to queue
[2025-01-16T07:49:19.878+0000] {logging_mixin.py:115} INFO - [2025-01-16T07:49:19.878+0000] {dagbag.py:508} INFO - Filling up the DagBag from /opt/airflow/dags/AirflowCrypto2.py
[2025-01-16T07:49:19.886+0000] {processor.py:650} INFO - DAG(s) dict_keys(['coin_scrapper2']) retrieved from /opt/airflow/dags/AirflowCrypto2.py
[2025-01-16T07:49:19.900+0000] {logging_mixin.py:115} INFO - [2025-01-16T07:49:19.900+0000] {dag.py:2429} INFO - Sync 1 DAGs
[2025-01-16T07:49:19.911+0000] {logging_mixin.py:115} INFO - [2025-01-16T07:49:19.911+0000] {dag.py:2981} INFO - Setting next_dagrun for coin_scrapper2 to 2025-01-16T07:40:00+00:00, run_after=2025-01-16T07:45:00+00:00
[2025-01-16T07:49:19.916+0000] {processor.py:161} INFO - Processing /opt/airflow/dags/AirflowCrypto2.py took 0.043 seconds
[2025-01-16T07:49:50.201+0000] {processor.py:153} INFO - Started process (PID=1376) to work on /opt/airflow/dags/AirflowCrypto2.py
[2025-01-16T07:49:50.203+0000] {processor.py:640} INFO - Processing file /opt/airflow/dags/AirflowCrypto2.py for tasks to queue
[2025-01-16T07:49:50.203+0000] {logging_mixin.py:115} INFO - [2025-01-16T07:49:50.203+0000] {dagbag.py:508} INFO - Filling up the DagBag from /opt/airflow/dags/AirflowCrypto2.py
[2025-01-16T07:49:50.209+0000] {processor.py:650} INFO - DAG(s) dict_keys(['coin_scrapper2']) retrieved from /opt/airflow/dags/AirflowCrypto2.py
[2025-01-16T07:49:50.228+0000] {logging_mixin.py:115} INFO - [2025-01-16T07:49:50.228+0000] {dag.py:2429} INFO - Sync 1 DAGs
[2025-01-16T07:49:50.239+0000] {logging_mixin.py:115} INFO - [2025-01-16T07:49:50.239+0000] {dag.py:2981} INFO - Setting next_dagrun for coin_scrapper2 to 2025-01-16T07:40:00+00:00, run_after=2025-01-16T07:45:00+00:00
[2025-01-16T07:49:50.244+0000] {processor.py:161} INFO - Processing /opt/airflow/dags/AirflowCrypto2.py took 0.045 seconds
[2025-01-16T07:50:20.603+0000] {processor.py:153} INFO - Started process (PID=1391) to work on /opt/airflow/dags/AirflowCrypto2.py
[2025-01-16T07:50:20.603+0000] {processor.py:640} INFO - Processing file /opt/airflow/dags/AirflowCrypto2.py for tasks to queue
[2025-01-16T07:50:20.605+0000] {logging_mixin.py:115} INFO - [2025-01-16T07:50:20.605+0000] {dagbag.py:508} INFO - Filling up the DagBag from /opt/airflow/dags/AirflowCrypto2.py
[2025-01-16T07:50:20.617+0000] {processor.py:650} INFO - DAG(s) dict_keys(['coin_scrapper2']) retrieved from /opt/airflow/dags/AirflowCrypto2.py
[2025-01-16T07:50:20.633+0000] {logging_mixin.py:115} INFO - [2025-01-16T07:50:20.633+0000] {dag.py:2429} INFO - Sync 1 DAGs
[2025-01-16T07:50:20.643+0000] {logging_mixin.py:115} INFO - [2025-01-16T07:50:20.643+0000] {dag.py:2981} INFO - Setting next_dagrun for coin_scrapper2 to 2025-01-16T07:45:00+00:00, run_after=2025-01-16T07:50:00+00:00
[2025-01-16T07:50:20.647+0000] {processor.py:161} INFO - Processing /opt/airflow/dags/AirflowCrypto2.py took 0.064 seconds
[2025-01-16T07:50:51.025+0000] {processor.py:153} INFO - Started process (PID=1406) to work on /opt/airflow/dags/AirflowCrypto2.py
[2025-01-16T07:50:51.029+0000] {processor.py:640} INFO - Processing file /opt/airflow/dags/AirflowCrypto2.py for tasks to queue
[2025-01-16T07:50:51.030+0000] {logging_mixin.py:115} INFO - [2025-01-16T07:50:51.030+0000] {dagbag.py:508} INFO - Filling up the DagBag from /opt/airflow/dags/AirflowCrypto2.py
[2025-01-16T07:50:51.037+0000] {processor.py:650} INFO - DAG(s) dict_keys(['coin_scrapper2']) retrieved from /opt/airflow/dags/AirflowCrypto2.py
[2025-01-16T07:50:51.055+0000] {logging_mixin.py:115} INFO - [2025-01-16T07:50:51.054+0000] {dag.py:2429} INFO - Sync 1 DAGs
[2025-01-16T07:50:51.066+0000] {logging_mixin.py:115} INFO - [2025-01-16T07:50:51.066+0000] {dag.py:2981} INFO - Setting next_dagrun for coin_scrapper2 to 2025-01-16T07:45:00+00:00, run_after=2025-01-16T07:50:00+00:00
[2025-01-16T07:50:51.071+0000] {processor.py:161} INFO - Processing /opt/airflow/dags/AirflowCrypto2.py took 0.048 seconds
[2025-01-16T07:51:21.373+0000] {processor.py:153} INFO - Started process (PID=1421) to work on /opt/airflow/dags/AirflowCrypto2.py
[2025-01-16T07:51:21.374+0000] {processor.py:640} INFO - Processing file /opt/airflow/dags/AirflowCrypto2.py for tasks to queue
[2025-01-16T07:51:21.374+0000] {logging_mixin.py:115} INFO - [2025-01-16T07:51:21.374+0000] {dagbag.py:508} INFO - Filling up the DagBag from /opt/airflow/dags/AirflowCrypto2.py
[2025-01-16T07:51:21.384+0000] {processor.py:650} INFO - DAG(s) dict_keys(['coin_scrapper2']) retrieved from /opt/airflow/dags/AirflowCrypto2.py
[2025-01-16T07:51:21.409+0000] {logging_mixin.py:115} INFO - [2025-01-16T07:51:21.409+0000] {dag.py:2429} INFO - Sync 1 DAGs
[2025-01-16T07:51:21.420+0000] {logging_mixin.py:115} INFO - [2025-01-16T07:51:21.420+0000] {dag.py:2981} INFO - Setting next_dagrun for coin_scrapper2 to 2025-01-16T07:45:00+00:00, run_after=2025-01-16T07:50:00+00:00
[2025-01-16T07:51:21.425+0000] {processor.py:161} INFO - Processing /opt/airflow/dags/AirflowCrypto2.py took 0.054 seconds
[2025-01-16T07:51:51.686+0000] {processor.py:153} INFO - Started process (PID=1436) to work on /opt/airflow/dags/AirflowCrypto2.py
[2025-01-16T07:51:51.689+0000] {processor.py:640} INFO - Processing file /opt/airflow/dags/AirflowCrypto2.py for tasks to queue
[2025-01-16T07:51:51.691+0000] {logging_mixin.py:115} INFO - [2025-01-16T07:51:51.690+0000] {dagbag.py:508} INFO - Filling up the DagBag from /opt/airflow/dags/AirflowCrypto2.py
[2025-01-16T07:51:51.700+0000] {processor.py:650} INFO - DAG(s) dict_keys(['coin_scrapper2']) retrieved from /opt/airflow/dags/AirflowCrypto2.py
[2025-01-16T07:51:51.719+0000] {logging_mixin.py:115} INFO - [2025-01-16T07:51:51.719+0000] {dag.py:2429} INFO - Sync 1 DAGs
[2025-01-16T07:51:51.730+0000] {logging_mixin.py:115} INFO - [2025-01-16T07:51:51.730+0000] {dag.py:2981} INFO - Setting next_dagrun for coin_scrapper2 to 2025-01-16T07:45:00+00:00, run_after=2025-01-16T07:50:00+00:00
[2025-01-16T07:51:51.735+0000] {processor.py:161} INFO - Processing /opt/airflow/dags/AirflowCrypto2.py took 0.050 seconds
[2025-01-16T07:52:22.048+0000] {processor.py:153} INFO - Started process (PID=1451) to work on /opt/airflow/dags/AirflowCrypto2.py
[2025-01-16T07:52:22.049+0000] {processor.py:640} INFO - Processing file /opt/airflow/dags/AirflowCrypto2.py for tasks to queue
[2025-01-16T07:52:22.051+0000] {logging_mixin.py:115} INFO - [2025-01-16T07:52:22.051+0000] {dagbag.py:508} INFO - Filling up the DagBag from /opt/airflow/dags/AirflowCrypto2.py
[2025-01-16T07:52:22.063+0000] {processor.py:650} INFO - DAG(s) dict_keys(['coin_scrapper2']) retrieved from /opt/airflow/dags/AirflowCrypto2.py
[2025-01-16T07:52:22.074+0000] {logging_mixin.py:115} INFO - [2025-01-16T07:52:22.074+0000] {dag.py:2429} INFO - Sync 1 DAGs
[2025-01-16T07:52:22.084+0000] {logging_mixin.py:115} INFO - [2025-01-16T07:52:22.084+0000] {dag.py:2981} INFO - Setting next_dagrun for coin_scrapper2 to 2025-01-16T07:45:00+00:00, run_after=2025-01-16T07:50:00+00:00
[2025-01-16T07:52:22.089+0000] {processor.py:161} INFO - Processing /opt/airflow/dags/AirflowCrypto2.py took 0.043 seconds
[2025-01-16T07:52:52.378+0000] {processor.py:153} INFO - Started process (PID=1466) to work on /opt/airflow/dags/AirflowCrypto2.py
[2025-01-16T07:52:52.378+0000] {processor.py:640} INFO - Processing file /opt/airflow/dags/AirflowCrypto2.py for tasks to queue
[2025-01-16T07:52:52.380+0000] {logging_mixin.py:115} INFO - [2025-01-16T07:52:52.380+0000] {dagbag.py:508} INFO - Filling up the DagBag from /opt/airflow/dags/AirflowCrypto2.py
[2025-01-16T07:52:52.394+0000] {processor.py:650} INFO - DAG(s) dict_keys(['coin_scrapper2']) retrieved from /opt/airflow/dags/AirflowCrypto2.py
[2025-01-16T07:52:52.405+0000] {logging_mixin.py:115} INFO - [2025-01-16T07:52:52.405+0000] {dag.py:2429} INFO - Sync 1 DAGs
[2025-01-16T07:52:52.417+0000] {logging_mixin.py:115} INFO - [2025-01-16T07:52:52.417+0000] {dag.py:2981} INFO - Setting next_dagrun for coin_scrapper2 to 2025-01-16T07:45:00+00:00, run_after=2025-01-16T07:50:00+00:00
[2025-01-16T07:52:52.421+0000] {processor.py:161} INFO - Processing /opt/airflow/dags/AirflowCrypto2.py took 0.045 seconds
[2025-01-16T07:53:22.717+0000] {processor.py:153} INFO - Started process (PID=1481) to work on /opt/airflow/dags/AirflowCrypto2.py
[2025-01-16T07:53:22.717+0000] {processor.py:640} INFO - Processing file /opt/airflow/dags/AirflowCrypto2.py for tasks to queue
[2025-01-16T07:53:22.717+0000] {logging_mixin.py:115} INFO - [2025-01-16T07:53:22.717+0000] {dagbag.py:508} INFO - Filling up the DagBag from /opt/airflow/dags/AirflowCrypto2.py
[2025-01-16T07:53:22.731+0000] {processor.py:650} INFO - DAG(s) dict_keys(['coin_scrapper2']) retrieved from /opt/airflow/dags/AirflowCrypto2.py
[2025-01-16T07:53:22.746+0000] {logging_mixin.py:115} INFO - [2025-01-16T07:53:22.746+0000] {dag.py:2429} INFO - Sync 1 DAGs
[2025-01-16T07:53:22.757+0000] {logging_mixin.py:115} INFO - [2025-01-16T07:53:22.757+0000] {dag.py:2981} INFO - Setting next_dagrun for coin_scrapper2 to 2025-01-16T07:45:00+00:00, run_after=2025-01-16T07:50:00+00:00
[2025-01-16T07:53:22.762+0000] {processor.py:161} INFO - Processing /opt/airflow/dags/AirflowCrypto2.py took 0.047 seconds
[2025-01-16T07:53:53.006+0000] {processor.py:153} INFO - Started process (PID=1496) to work on /opt/airflow/dags/AirflowCrypto2.py
[2025-01-16T07:53:53.011+0000] {processor.py:640} INFO - Processing file /opt/airflow/dags/AirflowCrypto2.py for tasks to queue
[2025-01-16T07:53:53.015+0000] {logging_mixin.py:115} INFO - [2025-01-16T07:53:53.015+0000] {dagbag.py:508} INFO - Filling up the DagBag from /opt/airflow/dags/AirflowCrypto2.py
[2025-01-16T07:53:53.029+0000] {processor.py:650} INFO - DAG(s) dict_keys(['coin_scrapper2']) retrieved from /opt/airflow/dags/AirflowCrypto2.py
[2025-01-16T07:53:53.052+0000] {logging_mixin.py:115} INFO - [2025-01-16T07:53:53.052+0000] {dag.py:2429} INFO - Sync 1 DAGs
[2025-01-16T07:53:53.071+0000] {logging_mixin.py:115} INFO - [2025-01-16T07:53:53.071+0000] {dag.py:2981} INFO - Setting next_dagrun for coin_scrapper2 to 2025-01-16T07:45:00+00:00, run_after=2025-01-16T07:50:00+00:00
[2025-01-16T07:53:53.077+0000] {processor.py:161} INFO - Processing /opt/airflow/dags/AirflowCrypto2.py took 0.075 seconds
[2025-01-16T07:54:23.275+0000] {processor.py:153} INFO - Started process (PID=1511) to work on /opt/airflow/dags/AirflowCrypto2.py
[2025-01-16T07:54:23.277+0000] {processor.py:640} INFO - Processing file /opt/airflow/dags/AirflowCrypto2.py for tasks to queue
[2025-01-16T07:54:23.277+0000] {logging_mixin.py:115} INFO - [2025-01-16T07:54:23.277+0000] {dagbag.py:508} INFO - Filling up the DagBag from /opt/airflow/dags/AirflowCrypto2.py
[2025-01-16T07:54:23.292+0000] {processor.py:650} INFO - DAG(s) dict_keys(['coin_scrapper2']) retrieved from /opt/airflow/dags/AirflowCrypto2.py
[2025-01-16T07:54:23.313+0000] {logging_mixin.py:115} INFO - [2025-01-16T07:54:23.313+0000] {dag.py:2429} INFO - Sync 1 DAGs
[2025-01-16T07:54:23.329+0000] {logging_mixin.py:115} INFO - [2025-01-16T07:54:23.329+0000] {dag.py:2981} INFO - Setting next_dagrun for coin_scrapper2 to 2025-01-16T07:45:00+00:00, run_after=2025-01-16T07:50:00+00:00
[2025-01-16T07:54:23.334+0000] {processor.py:161} INFO - Processing /opt/airflow/dags/AirflowCrypto2.py took 0.062 seconds
[2025-01-16T07:54:53.544+0000] {processor.py:153} INFO - Started process (PID=1524) to work on /opt/airflow/dags/AirflowCrypto2.py
[2025-01-16T07:54:53.546+0000] {processor.py:640} INFO - Processing file /opt/airflow/dags/AirflowCrypto2.py for tasks to queue
[2025-01-16T07:54:53.547+0000] {logging_mixin.py:115} INFO - [2025-01-16T07:54:53.547+0000] {dagbag.py:508} INFO - Filling up the DagBag from /opt/airflow/dags/AirflowCrypto2.py
[2025-01-16T07:54:53.610+0000] {processor.py:650} INFO - DAG(s) dict_keys(['coin_scrapper2']) retrieved from /opt/airflow/dags/AirflowCrypto2.py
[2025-01-16T07:54:53.636+0000] {logging_mixin.py:115} INFO - [2025-01-16T07:54:53.636+0000] {dag.py:2429} INFO - Sync 1 DAGs
[2025-01-16T07:54:53.652+0000] {logging_mixin.py:115} INFO - [2025-01-16T07:54:53.652+0000] {dag.py:2981} INFO - Setting next_dagrun for coin_scrapper2 to 2025-01-16T07:45:00+00:00, run_after=2025-01-16T07:50:00+00:00
[2025-01-16T07:54:53.657+0000] {processor.py:161} INFO - Processing /opt/airflow/dags/AirflowCrypto2.py took 0.120 seconds
[2025-01-16T07:55:23.816+0000] {processor.py:153} INFO - Started process (PID=1948) to work on /opt/airflow/dags/AirflowCrypto2.py
[2025-01-16T07:55:23.817+0000] {processor.py:640} INFO - Processing file /opt/airflow/dags/AirflowCrypto2.py for tasks to queue
[2025-01-16T07:55:23.818+0000] {logging_mixin.py:115} INFO - [2025-01-16T07:55:23.818+0000] {dagbag.py:508} INFO - Filling up the DagBag from /opt/airflow/dags/AirflowCrypto2.py
[2025-01-16T07:55:23.835+0000] {processor.py:650} INFO - DAG(s) dict_keys(['coin_scrapper2']) retrieved from /opt/airflow/dags/AirflowCrypto2.py
[2025-01-16T07:55:23.854+0000] {logging_mixin.py:115} INFO - [2025-01-16T07:55:23.854+0000] {dag.py:2429} INFO - Sync 1 DAGs
[2025-01-16T07:55:23.869+0000] {logging_mixin.py:115} INFO - [2025-01-16T07:55:23.869+0000] {dag.py:2981} INFO - Setting next_dagrun for coin_scrapper2 to 2025-01-16T07:50:00+00:00, run_after=2025-01-16T07:55:00+00:00
[2025-01-16T07:55:23.874+0000] {processor.py:161} INFO - Processing /opt/airflow/dags/AirflowCrypto2.py took 0.062 seconds
[2025-01-16T07:55:54.109+0000] {processor.py:153} INFO - Started process (PID=1962) to work on /opt/airflow/dags/AirflowCrypto2.py
[2025-01-16T07:55:54.110+0000] {processor.py:640} INFO - Processing file /opt/airflow/dags/AirflowCrypto2.py for tasks to queue
[2025-01-16T07:55:54.111+0000] {logging_mixin.py:115} INFO - [2025-01-16T07:55:54.111+0000] {dagbag.py:508} INFO - Filling up the DagBag from /opt/airflow/dags/AirflowCrypto2.py
[2025-01-16T07:55:54.144+0000] {processor.py:650} INFO - DAG(s) dict_keys(['coin_scrapper2']) retrieved from /opt/airflow/dags/AirflowCrypto2.py
[2025-01-16T07:55:54.185+0000] {logging_mixin.py:115} INFO - [2025-01-16T07:55:54.184+0000] {dag.py:2429} INFO - Sync 1 DAGs
[2025-01-16T07:55:54.208+0000] {logging_mixin.py:115} INFO - [2025-01-16T07:55:54.208+0000] {dag.py:2981} INFO - Setting next_dagrun for coin_scrapper2 to 2025-01-16T07:50:00+00:00, run_after=2025-01-16T07:55:00+00:00
[2025-01-16T07:55:54.218+0000] {processor.py:161} INFO - Processing /opt/airflow/dags/AirflowCrypto2.py took 0.118 seconds
[2025-01-16T07:56:24.395+0000] {processor.py:153} INFO - Started process (PID=1979) to work on /opt/airflow/dags/AirflowCrypto2.py
[2025-01-16T07:56:24.397+0000] {processor.py:640} INFO - Processing file /opt/airflow/dags/AirflowCrypto2.py for tasks to queue
[2025-01-16T07:56:24.398+0000] {logging_mixin.py:115} INFO - [2025-01-16T07:56:24.398+0000] {dagbag.py:508} INFO - Filling up the DagBag from /opt/airflow/dags/AirflowCrypto2.py
[2025-01-16T07:56:24.410+0000] {processor.py:650} INFO - DAG(s) dict_keys(['coin_scrapper2']) retrieved from /opt/airflow/dags/AirflowCrypto2.py
[2025-01-16T07:56:24.429+0000] {logging_mixin.py:115} INFO - [2025-01-16T07:56:24.429+0000] {dag.py:2429} INFO - Sync 1 DAGs
[2025-01-16T07:56:24.446+0000] {logging_mixin.py:115} INFO - [2025-01-16T07:56:24.446+0000] {dag.py:2981} INFO - Setting next_dagrun for coin_scrapper2 to 2025-01-16T07:50:00+00:00, run_after=2025-01-16T07:55:00+00:00
[2025-01-16T07:56:24.453+0000] {processor.py:161} INFO - Processing /opt/airflow/dags/AirflowCrypto2.py took 0.064 seconds
[2025-01-16T07:56:54.730+0000] {processor.py:153} INFO - Started process (PID=1993) to work on /opt/airflow/dags/AirflowCrypto2.py
[2025-01-16T07:56:54.732+0000] {processor.py:640} INFO - Processing file /opt/airflow/dags/AirflowCrypto2.py for tasks to queue
[2025-01-16T07:56:54.733+0000] {logging_mixin.py:115} INFO - [2025-01-16T07:56:54.733+0000] {dagbag.py:508} INFO - Filling up the DagBag from /opt/airflow/dags/AirflowCrypto2.py
[2025-01-16T07:56:54.754+0000] {processor.py:650} INFO - DAG(s) dict_keys(['coin_scrapper2']) retrieved from /opt/airflow/dags/AirflowCrypto2.py
[2025-01-16T07:56:54.794+0000] {logging_mixin.py:115} INFO - [2025-01-16T07:56:54.794+0000] {dag.py:2429} INFO - Sync 1 DAGs
[2025-01-16T07:56:54.810+0000] {logging_mixin.py:115} INFO - [2025-01-16T07:56:54.810+0000] {dag.py:2981} INFO - Setting next_dagrun for coin_scrapper2 to 2025-01-16T07:50:00+00:00, run_after=2025-01-16T07:55:00+00:00
[2025-01-16T07:56:54.816+0000] {processor.py:161} INFO - Processing /opt/airflow/dags/AirflowCrypto2.py took 0.099 seconds
[2025-01-16T07:57:25.033+0000] {processor.py:153} INFO - Started process (PID=2009) to work on /opt/airflow/dags/AirflowCrypto2.py
[2025-01-16T07:57:25.035+0000] {processor.py:640} INFO - Processing file /opt/airflow/dags/AirflowCrypto2.py for tasks to queue
[2025-01-16T07:57:25.035+0000] {logging_mixin.py:115} INFO - [2025-01-16T07:57:25.035+0000] {dagbag.py:508} INFO - Filling up the DagBag from /opt/airflow/dags/AirflowCrypto2.py
[2025-01-16T07:57:25.049+0000] {processor.py:650} INFO - DAG(s) dict_keys(['coin_scrapper2']) retrieved from /opt/airflow/dags/AirflowCrypto2.py
[2025-01-16T07:57:25.066+0000] {logging_mixin.py:115} INFO - [2025-01-16T07:57:25.065+0000] {dag.py:2429} INFO - Sync 1 DAGs
[2025-01-16T07:57:25.081+0000] {logging_mixin.py:115} INFO - [2025-01-16T07:57:25.081+0000] {dag.py:2981} INFO - Setting next_dagrun for coin_scrapper2 to 2025-01-16T07:50:00+00:00, run_after=2025-01-16T07:55:00+00:00
[2025-01-16T07:57:25.087+0000] {processor.py:161} INFO - Processing /opt/airflow/dags/AirflowCrypto2.py took 0.058 seconds
[2025-01-16T07:57:55.282+0000] {processor.py:153} INFO - Started process (PID=2023) to work on /opt/airflow/dags/AirflowCrypto2.py
[2025-01-16T07:57:55.283+0000] {processor.py:640} INFO - Processing file /opt/airflow/dags/AirflowCrypto2.py for tasks to queue
[2025-01-16T07:57:55.284+0000] {logging_mixin.py:115} INFO - [2025-01-16T07:57:55.284+0000] {dagbag.py:508} INFO - Filling up the DagBag from /opt/airflow/dags/AirflowCrypto2.py
[2025-01-16T07:57:55.298+0000] {processor.py:650} INFO - DAG(s) dict_keys(['coin_scrapper2']) retrieved from /opt/airflow/dags/AirflowCrypto2.py
[2025-01-16T07:57:55.319+0000] {logging_mixin.py:115} INFO - [2025-01-16T07:57:55.319+0000] {dag.py:2429} INFO - Sync 1 DAGs
[2025-01-16T07:57:55.348+0000] {logging_mixin.py:115} INFO - [2025-01-16T07:57:55.348+0000] {dag.py:2981} INFO - Setting next_dagrun for coin_scrapper2 to 2025-01-16T07:50:00+00:00, run_after=2025-01-16T07:55:00+00:00
[2025-01-16T07:57:55.360+0000] {processor.py:161} INFO - Processing /opt/airflow/dags/AirflowCrypto2.py took 0.082 seconds
[2025-01-16T07:58:25.594+0000] {processor.py:153} INFO - Started process (PID=2038) to work on /opt/airflow/dags/AirflowCrypto2.py
[2025-01-16T07:58:25.595+0000] {processor.py:640} INFO - Processing file /opt/airflow/dags/AirflowCrypto2.py for tasks to queue
[2025-01-16T07:58:25.596+0000] {logging_mixin.py:115} INFO - [2025-01-16T07:58:25.596+0000] {dagbag.py:508} INFO - Filling up the DagBag from /opt/airflow/dags/AirflowCrypto2.py
[2025-01-16T07:58:25.617+0000] {processor.py:650} INFO - DAG(s) dict_keys(['coin_scrapper2']) retrieved from /opt/airflow/dags/AirflowCrypto2.py
[2025-01-16T07:58:25.642+0000] {logging_mixin.py:115} INFO - [2025-01-16T07:58:25.642+0000] {dag.py:2429} INFO - Sync 1 DAGs
[2025-01-16T07:58:25.665+0000] {logging_mixin.py:115} INFO - [2025-01-16T07:58:25.665+0000] {dag.py:2981} INFO - Setting next_dagrun for coin_scrapper2 to 2025-01-16T07:50:00+00:00, run_after=2025-01-16T07:55:00+00:00
[2025-01-16T07:58:25.672+0000] {processor.py:161} INFO - Processing /opt/airflow/dags/AirflowCrypto2.py took 0.086 seconds
[2025-01-16T07:58:55.921+0000] {processor.py:153} INFO - Started process (PID=2053) to work on /opt/airflow/dags/AirflowCrypto2.py
[2025-01-16T07:58:55.923+0000] {processor.py:640} INFO - Processing file /opt/airflow/dags/AirflowCrypto2.py for tasks to queue
[2025-01-16T07:58:55.924+0000] {logging_mixin.py:115} INFO - [2025-01-16T07:58:55.924+0000] {dagbag.py:508} INFO - Filling up the DagBag from /opt/airflow/dags/AirflowCrypto2.py
[2025-01-16T07:58:55.968+0000] {processor.py:650} INFO - DAG(s) dict_keys(['coin_scrapper2']) retrieved from /opt/airflow/dags/AirflowCrypto2.py
[2025-01-16T07:58:56.019+0000] {logging_mixin.py:115} INFO - [2025-01-16T07:58:56.019+0000] {dag.py:2429} INFO - Sync 1 DAGs
[2025-01-16T07:58:56.035+0000] {logging_mixin.py:115} INFO - [2025-01-16T07:58:56.035+0000] {dag.py:2981} INFO - Setting next_dagrun for coin_scrapper2 to 2025-01-16T07:50:00+00:00, run_after=2025-01-16T07:55:00+00:00
[2025-01-16T07:58:56.041+0000] {processor.py:161} INFO - Processing /opt/airflow/dags/AirflowCrypto2.py took 0.126 seconds
[2025-01-16T07:59:26.207+0000] {processor.py:153} INFO - Started process (PID=2068) to work on /opt/airflow/dags/AirflowCrypto2.py
[2025-01-16T07:59:26.207+0000] {processor.py:640} INFO - Processing file /opt/airflow/dags/AirflowCrypto2.py for tasks to queue
[2025-01-16T07:59:26.208+0000] {logging_mixin.py:115} INFO - [2025-01-16T07:59:26.208+0000] {dagbag.py:508} INFO - Filling up the DagBag from /opt/airflow/dags/AirflowCrypto2.py
[2025-01-16T07:59:26.227+0000] {processor.py:650} INFO - DAG(s) dict_keys(['coin_scrapper2']) retrieved from /opt/airflow/dags/AirflowCrypto2.py
[2025-01-16T07:59:26.248+0000] {logging_mixin.py:115} INFO - [2025-01-16T07:59:26.248+0000] {dag.py:2429} INFO - Sync 1 DAGs
[2025-01-16T07:59:26.262+0000] {logging_mixin.py:115} INFO - [2025-01-16T07:59:26.261+0000] {dag.py:2981} INFO - Setting next_dagrun for coin_scrapper2 to 2025-01-16T07:50:00+00:00, run_after=2025-01-16T07:55:00+00:00
[2025-01-16T07:59:26.267+0000] {processor.py:161} INFO - Processing /opt/airflow/dags/AirflowCrypto2.py took 0.063 seconds
[2025-01-16T07:59:56.446+0000] {processor.py:153} INFO - Started process (PID=2083) to work on /opt/airflow/dags/AirflowCrypto2.py
[2025-01-16T07:59:56.447+0000] {processor.py:640} INFO - Processing file /opt/airflow/dags/AirflowCrypto2.py for tasks to queue
[2025-01-16T07:59:56.447+0000] {logging_mixin.py:115} INFO - [2025-01-16T07:59:56.447+0000] {dagbag.py:508} INFO - Filling up the DagBag from /opt/airflow/dags/AirflowCrypto2.py
[2025-01-16T07:59:56.455+0000] {processor.py:650} INFO - DAG(s) dict_keys(['coin_scrapper2']) retrieved from /opt/airflow/dags/AirflowCrypto2.py
[2025-01-16T07:59:56.473+0000] {logging_mixin.py:115} INFO - [2025-01-16T07:59:56.473+0000] {dag.py:2429} INFO - Sync 1 DAGs
[2025-01-16T07:59:56.488+0000] {logging_mixin.py:115} INFO - [2025-01-16T07:59:56.488+0000] {dag.py:2981} INFO - Setting next_dagrun for coin_scrapper2 to 2025-01-16T07:50:00+00:00, run_after=2025-01-16T07:55:00+00:00
[2025-01-16T07:59:56.492+0000] {processor.py:161} INFO - Processing /opt/airflow/dags/AirflowCrypto2.py took 0.049 seconds
[2025-01-16T08:00:26.785+0000] {processor.py:153} INFO - Started process (PID=2097) to work on /opt/airflow/dags/AirflowCrypto2.py
[2025-01-16T08:00:26.787+0000] {processor.py:640} INFO - Processing file /opt/airflow/dags/AirflowCrypto2.py for tasks to queue
[2025-01-16T08:00:26.788+0000] {logging_mixin.py:115} INFO - [2025-01-16T08:00:26.788+0000] {dagbag.py:508} INFO - Filling up the DagBag from /opt/airflow/dags/AirflowCrypto2.py
[2025-01-16T08:00:26.821+0000] {processor.py:650} INFO - DAG(s) dict_keys(['coin_scrapper2']) retrieved from /opt/airflow/dags/AirflowCrypto2.py
[2025-01-16T08:00:26.851+0000] {logging_mixin.py:115} INFO - [2025-01-16T08:00:26.851+0000] {dag.py:2429} INFO - Sync 1 DAGs
[2025-01-16T08:00:26.883+0000] {logging_mixin.py:115} INFO - [2025-01-16T08:00:26.883+0000] {dag.py:2981} INFO - Setting next_dagrun for coin_scrapper2 to 2025-01-16T07:55:00+00:00, run_after=2025-01-16T08:00:00+00:00
[2025-01-16T08:00:26.895+0000] {processor.py:161} INFO - Processing /opt/airflow/dags/AirflowCrypto2.py took 0.113 seconds
