[2025-01-16T07:42:14.764+0000] {processor.py:153} INFO - Started process (PID=197) to work on /opt/airflow/dags/extract.py
[2025-01-16T07:42:14.766+0000] {processor.py:640} INFO - Processing file /opt/airflow/dags/extract.py for tasks to queue
[2025-01-16T07:42:14.767+0000] {logging_mixin.py:115} INFO - [2025-01-16T07:42:14.767+0000] {dagbag.py:508} INFO - Filling up the DagBag from /opt/airflow/dags/extract.py
[2025-01-16T07:42:14.921+0000] {processor.py:652} WARNING - No viable dags retrieved from /opt/airflow/dags/extract.py
[2025-01-16T07:42:14.930+0000] {processor.py:161} INFO - Processing /opt/airflow/dags/extract.py took 0.169 seconds
[2025-01-16T07:42:45.288+0000] {processor.py:153} INFO - Started process (PID=212) to work on /opt/airflow/dags/extract.py
[2025-01-16T07:42:45.289+0000] {processor.py:640} INFO - Processing file /opt/airflow/dags/extract.py for tasks to queue
[2025-01-16T07:42:45.290+0000] {logging_mixin.py:115} INFO - [2025-01-16T07:42:45.290+0000] {dagbag.py:508} INFO - Filling up the DagBag from /opt/airflow/dags/extract.py
[2025-01-16T07:42:45.343+0000] {processor.py:652} WARNING - No viable dags retrieved from /opt/airflow/dags/extract.py
[2025-01-16T07:42:45.356+0000] {processor.py:161} INFO - Processing /opt/airflow/dags/extract.py took 0.083 seconds
[2025-01-16T07:43:15.629+0000] {processor.py:153} INFO - Started process (PID=226) to work on /opt/airflow/dags/extract.py
[2025-01-16T07:43:15.631+0000] {processor.py:640} INFO - Processing file /opt/airflow/dags/extract.py for tasks to queue
[2025-01-16T07:43:15.632+0000] {logging_mixin.py:115} INFO - [2025-01-16T07:43:15.632+0000] {dagbag.py:508} INFO - Filling up the DagBag from /opt/airflow/dags/extract.py
[2025-01-16T07:43:15.682+0000] {processor.py:652} WARNING - No viable dags retrieved from /opt/airflow/dags/extract.py
[2025-01-16T07:43:15.694+0000] {processor.py:161} INFO - Processing /opt/airflow/dags/extract.py took 0.072 seconds
[2025-01-16T07:43:45.919+0000] {processor.py:153} INFO - Started process (PID=241) to work on /opt/airflow/dags/extract.py
[2025-01-16T07:43:45.921+0000] {processor.py:640} INFO - Processing file /opt/airflow/dags/extract.py for tasks to queue
[2025-01-16T07:43:45.921+0000] {logging_mixin.py:115} INFO - [2025-01-16T07:43:45.921+0000] {dagbag.py:508} INFO - Filling up the DagBag from /opt/airflow/dags/extract.py
[2025-01-16T07:43:45.954+0000] {processor.py:652} WARNING - No viable dags retrieved from /opt/airflow/dags/extract.py
[2025-01-16T07:43:45.967+0000] {processor.py:161} INFO - Processing /opt/airflow/dags/extract.py took 0.053 seconds
[2025-01-16T07:44:16.287+0000] {processor.py:153} INFO - Started process (PID=256) to work on /opt/airflow/dags/extract.py
[2025-01-16T07:44:16.309+0000] {processor.py:640} INFO - Processing file /opt/airflow/dags/extract.py for tasks to queue
[2025-01-16T07:44:16.310+0000] {logging_mixin.py:115} INFO - [2025-01-16T07:44:16.310+0000] {dagbag.py:508} INFO - Filling up the DagBag from /opt/airflow/dags/extract.py
[2025-01-16T07:44:16.353+0000] {processor.py:652} WARNING - No viable dags retrieved from /opt/airflow/dags/extract.py
[2025-01-16T07:44:16.366+0000] {processor.py:161} INFO - Processing /opt/airflow/dags/extract.py took 0.089 seconds
[2025-01-16T07:44:46.597+0000] {processor.py:153} INFO - Started process (PID=450) to work on /opt/airflow/dags/extract.py
[2025-01-16T07:44:46.599+0000] {processor.py:640} INFO - Processing file /opt/airflow/dags/extract.py for tasks to queue
[2025-01-16T07:44:46.600+0000] {logging_mixin.py:115} INFO - [2025-01-16T07:44:46.600+0000] {dagbag.py:508} INFO - Filling up the DagBag from /opt/airflow/dags/extract.py
[2025-01-16T07:44:46.641+0000] {processor.py:652} WARNING - No viable dags retrieved from /opt/airflow/dags/extract.py
[2025-01-16T07:44:46.653+0000] {processor.py:161} INFO - Processing /opt/airflow/dags/extract.py took 0.065 seconds
[2025-01-16T07:45:16.979+0000] {processor.py:153} INFO - Started process (PID=465) to work on /opt/airflow/dags/extract.py
[2025-01-16T07:45:16.980+0000] {processor.py:640} INFO - Processing file /opt/airflow/dags/extract.py for tasks to queue
[2025-01-16T07:45:16.981+0000] {logging_mixin.py:115} INFO - [2025-01-16T07:45:16.981+0000] {dagbag.py:508} INFO - Filling up the DagBag from /opt/airflow/dags/extract.py
[2025-01-16T07:45:17.029+0000] {processor.py:652} WARNING - No viable dags retrieved from /opt/airflow/dags/extract.py
[2025-01-16T07:45:17.051+0000] {processor.py:161} INFO - Processing /opt/airflow/dags/extract.py took 0.076 seconds
[2025-01-16T07:45:47.357+0000] {processor.py:153} INFO - Started process (PID=480) to work on /opt/airflow/dags/extract.py
[2025-01-16T07:45:47.358+0000] {processor.py:640} INFO - Processing file /opt/airflow/dags/extract.py for tasks to queue
[2025-01-16T07:45:47.359+0000] {logging_mixin.py:115} INFO - [2025-01-16T07:45:47.359+0000] {dagbag.py:508} INFO - Filling up the DagBag from /opt/airflow/dags/extract.py
[2025-01-16T07:45:47.400+0000] {processor.py:652} WARNING - No viable dags retrieved from /opt/airflow/dags/extract.py
[2025-01-16T07:45:47.415+0000] {processor.py:161} INFO - Processing /opt/airflow/dags/extract.py took 0.066 seconds
[2025-01-16T07:46:17.695+0000] {processor.py:153} INFO - Started process (PID=495) to work on /opt/airflow/dags/extract.py
[2025-01-16T07:46:17.697+0000] {processor.py:640} INFO - Processing file /opt/airflow/dags/extract.py for tasks to queue
[2025-01-16T07:46:17.698+0000] {logging_mixin.py:115} INFO - [2025-01-16T07:46:17.698+0000] {dagbag.py:508} INFO - Filling up the DagBag from /opt/airflow/dags/extract.py
[2025-01-16T07:46:17.741+0000] {processor.py:652} WARNING - No viable dags retrieved from /opt/airflow/dags/extract.py
[2025-01-16T07:46:17.759+0000] {processor.py:161} INFO - Processing /opt/airflow/dags/extract.py took 0.069 seconds
[2025-01-16T07:46:47.978+0000] {processor.py:153} INFO - Started process (PID=893) to work on /opt/airflow/dags/extract.py
[2025-01-16T07:46:47.980+0000] {processor.py:640} INFO - Processing file /opt/airflow/dags/extract.py for tasks to queue
[2025-01-16T07:46:47.981+0000] {logging_mixin.py:115} INFO - [2025-01-16T07:46:47.981+0000] {dagbag.py:508} INFO - Filling up the DagBag from /opt/airflow/dags/extract.py
[2025-01-16T07:46:48.028+0000] {processor.py:652} WARNING - No viable dags retrieved from /opt/airflow/dags/extract.py
[2025-01-16T07:46:48.037+0000] {processor.py:161} INFO - Processing /opt/airflow/dags/extract.py took 0.068 seconds
[2025-01-16T07:47:18.337+0000] {processor.py:153} INFO - Started process (PID=909) to work on /opt/airflow/dags/extract.py
[2025-01-16T07:47:18.339+0000] {processor.py:640} INFO - Processing file /opt/airflow/dags/extract.py for tasks to queue
[2025-01-16T07:47:18.340+0000] {logging_mixin.py:115} INFO - [2025-01-16T07:47:18.340+0000] {dagbag.py:508} INFO - Filling up the DagBag from /opt/airflow/dags/extract.py
[2025-01-16T07:47:18.400+0000] {processor.py:652} WARNING - No viable dags retrieved from /opt/airflow/dags/extract.py
[2025-01-16T07:47:18.409+0000] {processor.py:161} INFO - Processing /opt/airflow/dags/extract.py took 0.077 seconds
[2025-01-16T07:47:48.670+0000] {processor.py:153} INFO - Started process (PID=1309) to work on /opt/airflow/dags/extract.py
[2025-01-16T07:47:48.672+0000] {processor.py:640} INFO - Processing file /opt/airflow/dags/extract.py for tasks to queue
[2025-01-16T07:47:48.674+0000] {logging_mixin.py:115} INFO - [2025-01-16T07:47:48.674+0000] {dagbag.py:508} INFO - Filling up the DagBag from /opt/airflow/dags/extract.py
[2025-01-16T07:47:48.717+0000] {processor.py:652} WARNING - No viable dags retrieved from /opt/airflow/dags/extract.py
[2025-01-16T07:47:48.730+0000] {processor.py:161} INFO - Processing /opt/airflow/dags/extract.py took 0.068 seconds
[2025-01-16T07:48:19.043+0000] {processor.py:153} INFO - Started process (PID=1325) to work on /opt/airflow/dags/extract.py
[2025-01-16T07:48:19.044+0000] {processor.py:640} INFO - Processing file /opt/airflow/dags/extract.py for tasks to queue
[2025-01-16T07:48:19.045+0000] {logging_mixin.py:115} INFO - [2025-01-16T07:48:19.045+0000] {dagbag.py:508} INFO - Filling up the DagBag from /opt/airflow/dags/extract.py
[2025-01-16T07:48:19.103+0000] {processor.py:652} WARNING - No viable dags retrieved from /opt/airflow/dags/extract.py
[2025-01-16T07:48:19.122+0000] {processor.py:161} INFO - Processing /opt/airflow/dags/extract.py took 0.086 seconds
[2025-01-16T07:48:49.366+0000] {processor.py:153} INFO - Started process (PID=1340) to work on /opt/airflow/dags/extract.py
[2025-01-16T07:48:49.368+0000] {processor.py:640} INFO - Processing file /opt/airflow/dags/extract.py for tasks to queue
[2025-01-16T07:48:49.370+0000] {logging_mixin.py:115} INFO - [2025-01-16T07:48:49.370+0000] {dagbag.py:508} INFO - Filling up the DagBag from /opt/airflow/dags/extract.py
[2025-01-16T07:48:49.434+0000] {processor.py:652} WARNING - No viable dags retrieved from /opt/airflow/dags/extract.py
[2025-01-16T07:48:49.455+0000] {processor.py:161} INFO - Processing /opt/airflow/dags/extract.py took 0.097 seconds
[2025-01-16T07:49:19.767+0000] {processor.py:153} INFO - Started process (PID=1355) to work on /opt/airflow/dags/extract.py
[2025-01-16T07:49:19.770+0000] {processor.py:640} INFO - Processing file /opt/airflow/dags/extract.py for tasks to queue
[2025-01-16T07:49:19.772+0000] {logging_mixin.py:115} INFO - [2025-01-16T07:49:19.772+0000] {dagbag.py:508} INFO - Filling up the DagBag from /opt/airflow/dags/extract.py
[2025-01-16T07:49:19.832+0000] {processor.py:652} WARNING - No viable dags retrieved from /opt/airflow/dags/extract.py
[2025-01-16T07:49:19.855+0000] {processor.py:161} INFO - Processing /opt/airflow/dags/extract.py took 0.091 seconds
[2025-01-16T07:49:50.106+0000] {processor.py:153} INFO - Started process (PID=1370) to work on /opt/airflow/dags/extract.py
[2025-01-16T07:49:50.108+0000] {processor.py:640} INFO - Processing file /opt/airflow/dags/extract.py for tasks to queue
[2025-01-16T07:49:50.111+0000] {logging_mixin.py:115} INFO - [2025-01-16T07:49:50.111+0000] {dagbag.py:508} INFO - Filling up the DagBag from /opt/airflow/dags/extract.py
[2025-01-16T07:49:50.171+0000] {processor.py:652} WARNING - No viable dags retrieved from /opt/airflow/dags/extract.py
[2025-01-16T07:49:50.184+0000] {processor.py:161} INFO - Processing /opt/airflow/dags/extract.py took 0.098 seconds
[2025-01-16T07:50:20.486+0000] {processor.py:153} INFO - Started process (PID=1385) to work on /opt/airflow/dags/extract.py
[2025-01-16T07:50:20.488+0000] {processor.py:640} INFO - Processing file /opt/airflow/dags/extract.py for tasks to queue
[2025-01-16T07:50:20.489+0000] {logging_mixin.py:115} INFO - [2025-01-16T07:50:20.489+0000] {dagbag.py:508} INFO - Filling up the DagBag from /opt/airflow/dags/extract.py
[2025-01-16T07:50:20.545+0000] {processor.py:652} WARNING - No viable dags retrieved from /opt/airflow/dags/extract.py
[2025-01-16T07:50:20.565+0000] {processor.py:161} INFO - Processing /opt/airflow/dags/extract.py took 0.085 seconds
[2025-01-16T07:50:50.923+0000] {processor.py:153} INFO - Started process (PID=1399) to work on /opt/airflow/dags/extract.py
[2025-01-16T07:50:50.926+0000] {processor.py:640} INFO - Processing file /opt/airflow/dags/extract.py for tasks to queue
[2025-01-16T07:50:50.927+0000] {logging_mixin.py:115} INFO - [2025-01-16T07:50:50.927+0000] {dagbag.py:508} INFO - Filling up the DagBag from /opt/airflow/dags/extract.py
[2025-01-16T07:50:50.979+0000] {processor.py:652} WARNING - No viable dags retrieved from /opt/airflow/dags/extract.py
[2025-01-16T07:50:51.007+0000] {processor.py:161} INFO - Processing /opt/airflow/dags/extract.py took 0.090 seconds
[2025-01-16T07:51:21.286+0000] {processor.py:153} INFO - Started process (PID=1414) to work on /opt/airflow/dags/extract.py
[2025-01-16T07:51:21.288+0000] {processor.py:640} INFO - Processing file /opt/airflow/dags/extract.py for tasks to queue
[2025-01-16T07:51:21.290+0000] {logging_mixin.py:115} INFO - [2025-01-16T07:51:21.290+0000] {dagbag.py:508} INFO - Filling up the DagBag from /opt/airflow/dags/extract.py
[2025-01-16T07:51:21.344+0000] {processor.py:652} WARNING - No viable dags retrieved from /opt/airflow/dags/extract.py
[2025-01-16T07:51:21.357+0000] {processor.py:161} INFO - Processing /opt/airflow/dags/extract.py took 0.082 seconds
[2025-01-16T07:51:51.589+0000] {processor.py:153} INFO - Started process (PID=1430) to work on /opt/airflow/dags/extract.py
[2025-01-16T07:51:51.591+0000] {processor.py:640} INFO - Processing file /opt/airflow/dags/extract.py for tasks to queue
[2025-01-16T07:51:51.592+0000] {logging_mixin.py:115} INFO - [2025-01-16T07:51:51.592+0000] {dagbag.py:508} INFO - Filling up the DagBag from /opt/airflow/dags/extract.py
[2025-01-16T07:51:51.650+0000] {processor.py:652} WARNING - No viable dags retrieved from /opt/airflow/dags/extract.py
[2025-01-16T07:51:51.667+0000] {processor.py:161} INFO - Processing /opt/airflow/dags/extract.py took 0.084 seconds
[2025-01-16T07:52:21.954+0000] {processor.py:153} INFO - Started process (PID=1445) to work on /opt/airflow/dags/extract.py
[2025-01-16T07:52:21.956+0000] {processor.py:640} INFO - Processing file /opt/airflow/dags/extract.py for tasks to queue
[2025-01-16T07:52:21.957+0000] {logging_mixin.py:115} INFO - [2025-01-16T07:52:21.957+0000] {dagbag.py:508} INFO - Filling up the DagBag from /opt/airflow/dags/extract.py
[2025-01-16T07:52:22.016+0000] {processor.py:652} WARNING - No viable dags retrieved from /opt/airflow/dags/extract.py
[2025-01-16T07:52:22.032+0000] {processor.py:161} INFO - Processing /opt/airflow/dags/extract.py took 0.083 seconds
[2025-01-16T07:52:52.270+0000] {processor.py:153} INFO - Started process (PID=1460) to work on /opt/airflow/dags/extract.py
[2025-01-16T07:52:52.272+0000] {processor.py:640} INFO - Processing file /opt/airflow/dags/extract.py for tasks to queue
[2025-01-16T07:52:52.273+0000] {logging_mixin.py:115} INFO - [2025-01-16T07:52:52.273+0000] {dagbag.py:508} INFO - Filling up the DagBag from /opt/airflow/dags/extract.py
[2025-01-16T07:52:52.350+0000] {processor.py:652} WARNING - No viable dags retrieved from /opt/airflow/dags/extract.py
[2025-01-16T07:52:52.363+0000] {processor.py:161} INFO - Processing /opt/airflow/dags/extract.py took 0.100 seconds
[2025-01-16T07:53:22.613+0000] {processor.py:153} INFO - Started process (PID=1475) to work on /opt/airflow/dags/extract.py
[2025-01-16T07:53:22.615+0000] {processor.py:640} INFO - Processing file /opt/airflow/dags/extract.py for tasks to queue
[2025-01-16T07:53:22.615+0000] {logging_mixin.py:115} INFO - [2025-01-16T07:53:22.615+0000] {dagbag.py:508} INFO - Filling up the DagBag from /opt/airflow/dags/extract.py
[2025-01-16T07:53:22.684+0000] {processor.py:652} WARNING - No viable dags retrieved from /opt/airflow/dags/extract.py
[2025-01-16T07:53:22.702+0000] {processor.py:161} INFO - Processing /opt/airflow/dags/extract.py took 0.097 seconds
[2025-01-16T07:53:53.000+0000] {processor.py:153} INFO - Started process (PID=1493) to work on /opt/airflow/dags/extract.py
[2025-01-16T07:53:53.001+0000] {processor.py:640} INFO - Processing file /opt/airflow/dags/extract.py for tasks to queue
[2025-01-16T07:53:53.002+0000] {logging_mixin.py:115} INFO - [2025-01-16T07:53:53.002+0000] {dagbag.py:508} INFO - Filling up the DagBag from /opt/airflow/dags/extract.py
[2025-01-16T07:53:53.048+0000] {processor.py:652} WARNING - No viable dags retrieved from /opt/airflow/dags/extract.py
[2025-01-16T07:53:53.062+0000] {processor.py:161} INFO - Processing /opt/airflow/dags/extract.py took 0.067 seconds
[2025-01-16T07:54:23.275+0000] {processor.py:153} INFO - Started process (PID=1508) to work on /opt/airflow/dags/extract.py
[2025-01-16T07:54:23.277+0000] {processor.py:640} INFO - Processing file /opt/airflow/dags/extract.py for tasks to queue
[2025-01-16T07:54:23.278+0000] {logging_mixin.py:115} INFO - [2025-01-16T07:54:23.278+0000] {dagbag.py:508} INFO - Filling up the DagBag from /opt/airflow/dags/extract.py
[2025-01-16T07:54:23.311+0000] {processor.py:652} WARNING - No viable dags retrieved from /opt/airflow/dags/extract.py
[2025-01-16T07:54:23.322+0000] {processor.py:161} INFO - Processing /opt/airflow/dags/extract.py took 0.051 seconds
[2025-01-16T07:54:53.544+0000] {processor.py:153} INFO - Started process (PID=1523) to work on /opt/airflow/dags/extract.py
[2025-01-16T07:54:53.547+0000] {processor.py:640} INFO - Processing file /opt/airflow/dags/extract.py for tasks to queue
[2025-01-16T07:54:53.547+0000] {logging_mixin.py:115} INFO - [2025-01-16T07:54:53.547+0000] {dagbag.py:508} INFO - Filling up the DagBag from /opt/airflow/dags/extract.py
[2025-01-16T07:54:53.625+0000] {processor.py:652} WARNING - No viable dags retrieved from /opt/airflow/dags/extract.py
[2025-01-16T07:54:53.640+0000] {processor.py:161} INFO - Processing /opt/airflow/dags/extract.py took 0.102 seconds
[2025-01-16T07:55:23.813+0000] {processor.py:153} INFO - Started process (PID=1945) to work on /opt/airflow/dags/extract.py
[2025-01-16T07:55:23.816+0000] {processor.py:640} INFO - Processing file /opt/airflow/dags/extract.py for tasks to queue
[2025-01-16T07:55:23.818+0000] {logging_mixin.py:115} INFO - [2025-01-16T07:55:23.818+0000] {dagbag.py:508} INFO - Filling up the DagBag from /opt/airflow/dags/extract.py
[2025-01-16T07:55:23.853+0000] {processor.py:652} WARNING - No viable dags retrieved from /opt/airflow/dags/extract.py
[2025-01-16T07:55:23.861+0000] {processor.py:161} INFO - Processing /opt/airflow/dags/extract.py took 0.052 seconds
[2025-01-16T07:55:54.109+0000] {processor.py:153} INFO - Started process (PID=1961) to work on /opt/airflow/dags/extract.py
[2025-01-16T07:55:54.110+0000] {processor.py:640} INFO - Processing file /opt/airflow/dags/extract.py for tasks to queue
[2025-01-16T07:55:54.112+0000] {logging_mixin.py:115} INFO - [2025-01-16T07:55:54.112+0000] {dagbag.py:508} INFO - Filling up the DagBag from /opt/airflow/dags/extract.py
[2025-01-16T07:55:54.174+0000] {processor.py:652} WARNING - No viable dags retrieved from /opt/airflow/dags/extract.py
[2025-01-16T07:55:54.192+0000] {processor.py:161} INFO - Processing /opt/airflow/dags/extract.py took 0.093 seconds
[2025-01-16T07:56:24.392+0000] {processor.py:153} INFO - Started process (PID=1976) to work on /opt/airflow/dags/extract.py
[2025-01-16T07:56:24.394+0000] {processor.py:640} INFO - Processing file /opt/airflow/dags/extract.py for tasks to queue
[2025-01-16T07:56:24.394+0000] {logging_mixin.py:115} INFO - [2025-01-16T07:56:24.394+0000] {dagbag.py:508} INFO - Filling up the DagBag from /opt/airflow/dags/extract.py
[2025-01-16T07:56:24.437+0000] {processor.py:652} WARNING - No viable dags retrieved from /opt/airflow/dags/extract.py
[2025-01-16T07:56:24.449+0000] {processor.py:161} INFO - Processing /opt/airflow/dags/extract.py took 0.064 seconds
[2025-01-16T07:56:54.730+0000] {processor.py:153} INFO - Started process (PID=1991) to work on /opt/airflow/dags/extract.py
[2025-01-16T07:56:54.732+0000] {processor.py:640} INFO - Processing file /opt/airflow/dags/extract.py for tasks to queue
[2025-01-16T07:56:54.733+0000] {logging_mixin.py:115} INFO - [2025-01-16T07:56:54.733+0000] {dagbag.py:508} INFO - Filling up the DagBag from /opt/airflow/dags/extract.py
[2025-01-16T07:56:54.780+0000] {processor.py:652} WARNING - No viable dags retrieved from /opt/airflow/dags/extract.py
[2025-01-16T07:56:54.791+0000] {processor.py:161} INFO - Processing /opt/airflow/dags/extract.py took 0.074 seconds
[2025-01-16T07:57:25.031+0000] {processor.py:153} INFO - Started process (PID=2006) to work on /opt/airflow/dags/extract.py
[2025-01-16T07:57:25.033+0000] {processor.py:640} INFO - Processing file /opt/airflow/dags/extract.py for tasks to queue
[2025-01-16T07:57:25.033+0000] {logging_mixin.py:115} INFO - [2025-01-16T07:57:25.033+0000] {dagbag.py:508} INFO - Filling up the DagBag from /opt/airflow/dags/extract.py
[2025-01-16T07:57:25.069+0000] {processor.py:652} WARNING - No viable dags retrieved from /opt/airflow/dags/extract.py
[2025-01-16T07:57:25.080+0000] {processor.py:161} INFO - Processing /opt/airflow/dags/extract.py took 0.054 seconds
[2025-01-16T07:57:55.281+0000] {processor.py:153} INFO - Started process (PID=2021) to work on /opt/airflow/dags/extract.py
[2025-01-16T07:57:55.282+0000] {processor.py:640} INFO - Processing file /opt/airflow/dags/extract.py for tasks to queue
[2025-01-16T07:57:55.283+0000] {logging_mixin.py:115} INFO - [2025-01-16T07:57:55.283+0000] {dagbag.py:508} INFO - Filling up the DagBag from /opt/airflow/dags/extract.py
[2025-01-16T07:57:55.324+0000] {processor.py:652} WARNING - No viable dags retrieved from /opt/airflow/dags/extract.py
[2025-01-16T07:57:55.353+0000] {processor.py:161} INFO - Processing /opt/airflow/dags/extract.py took 0.076 seconds
[2025-01-16T07:58:25.593+0000] {processor.py:153} INFO - Started process (PID=2036) to work on /opt/airflow/dags/extract.py
[2025-01-16T07:58:25.594+0000] {processor.py:640} INFO - Processing file /opt/airflow/dags/extract.py for tasks to queue
[2025-01-16T07:58:25.595+0000] {logging_mixin.py:115} INFO - [2025-01-16T07:58:25.595+0000] {dagbag.py:508} INFO - Filling up the DagBag from /opt/airflow/dags/extract.py
[2025-01-16T07:58:25.634+0000] {processor.py:652} WARNING - No viable dags retrieved from /opt/airflow/dags/extract.py
[2025-01-16T07:58:25.646+0000] {processor.py:161} INFO - Processing /opt/airflow/dags/extract.py took 0.068 seconds
[2025-01-16T07:58:55.921+0000] {processor.py:153} INFO - Started process (PID=2051) to work on /opt/airflow/dags/extract.py
[2025-01-16T07:58:55.923+0000] {processor.py:640} INFO - Processing file /opt/airflow/dags/extract.py for tasks to queue
[2025-01-16T07:58:55.924+0000] {logging_mixin.py:115} INFO - [2025-01-16T07:58:55.924+0000] {dagbag.py:508} INFO - Filling up the DagBag from /opt/airflow/dags/extract.py
[2025-01-16T07:58:56.008+0000] {processor.py:652} WARNING - No viable dags retrieved from /opt/airflow/dags/extract.py
[2025-01-16T07:58:56.021+0000] {processor.py:161} INFO - Processing /opt/airflow/dags/extract.py took 0.106 seconds
[2025-01-16T07:59:26.206+0000] {processor.py:153} INFO - Started process (PID=2066) to work on /opt/airflow/dags/extract.py
[2025-01-16T07:59:26.207+0000] {processor.py:640} INFO - Processing file /opt/airflow/dags/extract.py for tasks to queue
[2025-01-16T07:59:26.208+0000] {logging_mixin.py:115} INFO - [2025-01-16T07:59:26.208+0000] {dagbag.py:508} INFO - Filling up the DagBag from /opt/airflow/dags/extract.py
[2025-01-16T07:59:26.262+0000] {processor.py:652} WARNING - No viable dags retrieved from /opt/airflow/dags/extract.py
[2025-01-16T07:59:26.272+0000] {processor.py:161} INFO - Processing /opt/airflow/dags/extract.py took 0.070 seconds
[2025-01-16T07:59:56.445+0000] {processor.py:153} INFO - Started process (PID=2081) to work on /opt/airflow/dags/extract.py
[2025-01-16T07:59:56.446+0000] {processor.py:640} INFO - Processing file /opt/airflow/dags/extract.py for tasks to queue
[2025-01-16T07:59:56.446+0000] {logging_mixin.py:115} INFO - [2025-01-16T07:59:56.446+0000] {dagbag.py:508} INFO - Filling up the DagBag from /opt/airflow/dags/extract.py
[2025-01-16T07:59:56.472+0000] {processor.py:652} WARNING - No viable dags retrieved from /opt/airflow/dags/extract.py
[2025-01-16T07:59:56.482+0000] {processor.py:161} INFO - Processing /opt/airflow/dags/extract.py took 0.039 seconds
[2025-01-16T08:00:26.785+0000] {processor.py:153} INFO - Started process (PID=2096) to work on /opt/airflow/dags/extract.py
[2025-01-16T08:00:26.787+0000] {processor.py:640} INFO - Processing file /opt/airflow/dags/extract.py for tasks to queue
[2025-01-16T08:00:26.788+0000] {logging_mixin.py:115} INFO - [2025-01-16T08:00:26.788+0000] {dagbag.py:508} INFO - Filling up the DagBag from /opt/airflow/dags/extract.py
[2025-01-16T08:00:26.844+0000] {processor.py:652} WARNING - No viable dags retrieved from /opt/airflow/dags/extract.py
[2025-01-16T08:00:26.856+0000] {processor.py:161} INFO - Processing /opt/airflow/dags/extract.py took 0.074 seconds
